
***** Extract LSTM model from best traineddata. 

Version string:4.00.00alpha:eng:synth20170629:[1,36,0,1Ct3,3,16Mp3,3Lfys64Lfx96Lrx96Lfx512O1c1]
17:lstm:size=11689099, offset=192
18:lstm-punc-dawg:size=4322, offset=11689291
19:lstm-word-dawg:size=3694794, offset=11693613
20:lstm-number-dawg:size=4738, offset=15388407
21:lstm-unicharset:size=6360, offset=15393145
22:lstm-recoder:size=1012, offset=15399505
23:version:size=80, offset=15400517
Extracting tessdata components from tessdata/best/eng.traineddata
Wrote ../tesstutorial/impact_from_full/eng.lstm

***** Run lstmtraining with debug output for first 100 iterations. 

Loaded file ../tesstutorial/impact_from_full/eng.lstm, unpacking...
Warning: LSTMTrainer deserialized an LSTMRecognizer!
Continuing from ../tesstutorial/impact_from_full/eng.lstm
Loaded 72/72 pages (1-72) of document ../tesstutorial/engeval/eng.Impact_Condensed.exp0.lstmf
Iteration 0: ALIGNED TRUTH : and first << article XML in NFL €] following 6 then and a know system Free 08 £20 years see
Iteration 0: BEST OCR TEXT : and first << article XMLin NH €] lollowing 6 then and a know system Free 08 £20 years see
File /tmp/eng-2019-04-01.Rqj/eng.Impact_Condensed.exp0.lstmf page 0 :
Mean rms=1.022%, delta=1.662%, train=6.593%(20%), skip ratio=0%
Iteration 1: ALIGNED TRUTH : "I °C. would July for is provided | Online Your their " Help 2008, before use over Click
Iteration 1: BEST OCR TEXT : "1°G. would July for is provided | Online Your their " Help 2008, hefore use over Click
File /tmp/eng-2019-04-01.Rqj/eng.Impact_Condensed.exp0.lstmf page 3 :
Mean rms=1.263%, delta=2.606%, train=7.274%(18.333%), skip ratio=0%
Iteration 2: ALIGNED TRUTH : Rating: TO this were jobs BBC get is" University A 1998 fixed Search And under . (GeneRIF)
Iteration 2: BEST OCR TEXT : Rating: TO this wers johs BBC get is" University A 1998 fixed Search And under . (GeneRIP)
File /tmp/eng-2019-04-01.Rqj/eng.Impact_Condensed.exp0.lstmf page 7 :
Mean rms=1.252%, delta=2.529%, train=7.072%(18.105%), skip ratio=0%
Iteration 3: ALIGNED TRUTH : time, | Oct property University make that Yahoo! - Blog Oct the NFL can National Find 2007 by:
Iteration 3: BEST OCR TEXT : time, | Oct property University make that Yahoo! - Blog Oct the NFL can National Find 2007 by:
File /tmp/eng-2019-04-01.Rqj/eng.Impact_Condensed.exp0.lstmf page 45 (Perfect):
Mean rms=0.997%, delta=1.897%, train=5.304%(13.578%), skip ratio=0%
Iteration 4: ALIGNED TRUTH : (RefSeq) You Page after from could with 4 available OK People links great the Articles against
Iteration 4: BEST OCR TEXT : (RefSen) You Page after from could with 4 available OK People links great the Articles against
File /tmp/eng-2019-04-01.Rqj/eng.Impact_Condensed.exp0.lstmf page 13 :
Mean rms=0.918%, delta=1.629%, train=4.668%(12.113%), skip ratio=0%
Iteration 5: ALIGNED TRUTH : or SC used By October Technology City And Business could Services (1) in Services 12 for
Iteration 5: BEST OCR TEXT : or SC used By October Technology City And Business could Services [1) in Services 12 for
File /tmp/eng-2019-04-01.Rqj/eng.Impact_Condensed.exp0.lstmf page 43 :
Mean rms=0.863%, delta=1.446%, train=4.269%(11.136%), skip ratio=0%
Iteration 6: ALIGNED TRUTH : time October the service through is Help reserved. Email in ? MP3 these that GenBank am Search
Iteration 6: BEST OCR TEXT : time October the service through is Help reserved. Email in ? MP3 these that GenBank am Search
File ../tesstutorial/engeval/eng.Impact_Condensed.exp0.lstmf page 6 (Perfect):
Mean rms=0.793%, delta=1.24%, train=3.659%(9.545%), skip ratio=0%
Iteration 7: ALIGNED TRUTH : a August Us 2 100% experience From you My US Copyright (RefSeq) I free two 30, Account! On MORE
Iteration 7: BEST OCR TEXT : a August Us 2 100% experience From you My US Copyright (RefSeq] | free two 30, Account! On MORE
File /tmp/eng-2019-04-01.Rqj/eng.Impact_Condensed.exp0.lstmf page 4 :
Mean rms=0.784%, delta=1.212%, train=3.728%(9.668%), skip ratio=0%
Iteration 8: ALIGNED TRUTH : Services very Services Terms Google under Policy City it." Business by or (RefSeq) , See
Iteration 8: BEST OCR TEXT : Services very Services Terms Google under Pelicy City it." Business by or (RefSeq) , See
File /tmp/eng-2019-04-01.Rqj/eng.Impact_Condensed.exp0.lstmf page 12 :
Mean rms=0.757%, delta=1.142%, train=3.566%(9.334%), skip ratio=0%
Iteration 9: ALIGNED TRUTH : School is ¥ Loading... who will in by size said about < think was About but those free his
Iteration 9: BEST OCR TEXT : School is ¥ Loading... who will in by size said about < think was About but those free his
File /tmp/eng-2019-04-01.Rqj/eng.Impact_Condensed.exp0.lstmf page 20 (Perfect):
Mean rms=0.71%, delta=1.027%, train=3.21%(8.401%), skip ratio=0%
Iteration 10: ALIGNED TRUTH : { & Advanced her BOX me Management your new have Post by "We World AJ Links International public
Iteration 10: BEST OCR TEXT : { & Advanced her BOX me Management your new have Post by "We World AJ Links International public
File /tmp/eng-2019-04-01.Rqj/eng.Impact_Condensed.exp0.lstmf page 42 (Perfect):
Mean rms=0.676%, delta=0.934%, train=2.918%(7.637%), skip ratio=0%
Iteration 11: ALIGNED TRUTH : About as your The than to Email our to Advertise and Home message Services it, Links Index RSS
Iteration 11: BEST OCR TEXT : About as your The than to Email our to Advertise and Home message Services it, Links Index RSS
File /tmp/eng-2019-04-01.Rqj/eng.Impact_Condensed.exp0.lstmf page 9 (Perfect):
Mean rms=0.641%, delta=0.856%, train=2.675%(7.001%), skip ratio=0%
Iteration 12: ALIGNED TRUTH : MEDLINE most last (MeSH company's world's University as has provide (€) many NCBI ago make
Iteration 12: BEST OCR TEXT : MEDLINE most last (MeSH company's world's University as has provide (€) many NCBI ago make
File /tmp/eng-2019-04-01.Rqj/eng.Impact_Condensed.exp0.lstmf page 24 (Perfect):
Mean rms=0.616%, delta=0.79%, train=2.469%(6.462%), skip ratio=0%
Iteration 13: ALIGNED TRUTH : using Report However, [+] Your change (Vol. For Add only USB On it If would AOL right @article
Iteration 13: BEST OCR TEXT : using Report However, [+ Your change (Wol. For Add only USB On it If would AOL right @article
File ../tesstutorial/engeval/eng.Impact_Condensed.exp0.lstmf page 13 :
Mean rms=0.624%, delta=0.78%, train=2.521%(6.794%), skip ratio=0%
Iteration 14: ALIGNED TRUTH : existing Copyright into NC = of and October you Terms 7 is Inc. GB make 2005 than 10, each Jobs
Iteration 14: BEST OCR TEXT : existing Copyright into NC = of and October you Terms 7is Inc. GB make 2005 than 10, each Jobs
File /tmp/eng-2019-04-01.Rqj/eng.Impact_Condensed.exp0.lstmf page 30 :
Mean rms=0.618%, delta=0.763%, train=2.423%(7.008%), skip ratio=0%
Iteration 15: ALIGNED TRUTH : Books United in post Popular here vBulletin® Reviews many © Office View because such SEARCH
Iteration 15: BEST OCR TEXT : Books United in post Popular here vBulletin® Reviews many © Office View because such SEARCH
File ../tesstutorial/engeval/eng.Impact_Condensed.exp0.lstmf page 15 (Perfect):
Mean rms=0.593%, delta=0.716%, train=2.271%(6.57%), skip ratio=0%
Iteration 16: ALIGNED TRUTH : comment NCAA search if Re: Health but 3 but up Add must to used pages you example, $ Page
Iteration 16: BEST OCR TEXT : comment NCAA search if Re: Health but 3 but up Add must to used pages you example, $ Page
File /tmp/eng-2019-04-01.Rqj/eng.Impact_Condensed.exp0.lstmf page 17 (Perfect):
Mean rms=0.571%, delta=0.674%, train=2.138%(6.183%), skip ratio=0%
Iteration 17: ALIGNED TRUTH : does YOU OH 30 them its 1 comments are November URL Reply of a San'a' I've some The to:
Iteration 17: BEST OCR TEXT : does YOU OH 30 them its 1 comments are November URL Reply of a San'a' I've some The to:
File ../tesstutorial/engeval/eng.Impact_Condensed.exp0.lstmf page 17 (Perfect):
Mean rms=0.56%, delta=0.636%, train=2.019%(5.84%), skip ratio=0%
Iteration 18: ALIGNED TRUTH : services the Community use Texas Information and GEO but Advanced content details FAQ is free
Iteration 18: BEST OCR TEXT : services the Community use Toxas Information and GEO but Advanced content details FAQ is free
File ../tesstutorial/engeval/eng.Impact_Condensed.exp0.lstmf page 18 :
Mean rms=0.565%, delta=0.636%, train=2.026%(5.883%), skip ratio=0%
Iteration 19: ALIGNED TRUTH : American International the video Public Software product Contact Sign on at Show 13 °C how 0
Iteration 19: BEST OCR TEXT : American International the video Public Software product Contact Sign on at Show 13 °C how 0
File /tmp/eng-2019-04-01.Rqj/eng.Impact_Condensed.exp0.lstmf page 21 (Perfect):
Mean rms=0.546%, delta=0.604%, train=1.925%(5.589%), skip ratio=0%
Iteration 20: ALIGNED TRUTH : first Show Department but (¥) > * 5 3D September made to BY found me I very by Articles as a
Iteration 20: BEST OCR TEXT : first Show Department but (¥) > * 5 30 September made to BY found me | very by Articles as a
File ../tesstutorial/engeval/eng.Impact_Condensed.exp0.lstmf page 20 :
Mean rms=0.568%, delta=0.637%, train=2.04%(5.777%), skip ratio=0%
Iteration 21: ALIGNED TRUTH : influence 15 of From It more in few LLC be is 24, find with 3 " University you __ now! good
Iteration 21: BEST OCR TEXT : influence 15 of From It more in few LLC be is 24, find with 3 " University you __ now! good
File /tmp/eng-2019-04-01.Rqj/eng.Impact_Condensed.exp0.lstmf page 19 (Perfect):
Mean rms=0.563%, delta=0.608%, train=1.947%(5.514%), skip ratio=0%
Iteration 22: ALIGNED TRUTH : Blog between its (€ was Travel would (Cited) Help (Fig. NEWS Shopping not not 15¢ PC of MySQL
Iteration 22: BEST OCR TEXT : Blog between its (€ was Travel would (Cited) Help (Fig. NEWS Shopping not not 15¢ PC of MySOQL
File /tmp/eng-2019-04-01.Rqj/eng.Impact_Condensed.exp0.lstmf page 47 :
Mean rms=0.568%, delta=0.617%, train=1.909%(5.516%), skip ratio=0%
Iteration 23: ALIGNED TRUTH : or Video PubChem 3D More ) information © page has -» HKLM\..\Run: work us Related work
Iteration 23: BEST OCR TEXT : or Video PubChem 3D More ) information © page has -» HKLM\..\Run: work us Related work
File /tmp/eng-2019-04-01.Rqj/eng.Impact_Condensed.exp0.lstmf page 23 (Perfect):
Mean rms=0.563%, delta=0.591%, train=1.83%(5.286%), skip ratio=0%
Iteration 24: ALIGNED TRUTH : should a Posts: my the search ! _ (1) Map Sports £25,000 >> Back @ so does Related SNP we TX at
Iteration 24: BEST OCR TEXT : should a Posts: my the search ! _ (1) Map Sports £25,000 >> Back @ so does Related SNP we TX at
File ../tesstutorial/engeval/eng.Impact_Condensed.exp0.lstmf page 24 (Perfect):
Mean rms=0.552%, delta=0.568%, train=1.757%(5.075%), skip ratio=0%
Iteration 25: ALIGNED TRUTH : database; in the it's E-mail Service Music details are Wikipedia FAQ DVD an Arminia's Reply
Iteration 25: BEST OCR TEXT : database; in the it's E-mail Service Music details are Wikipedia FAQ DVD an Arminia's Reply
File /tmp/eng-2019-04-01.Rqj/eng.Impact_Condensed.exp0.lstmf page 46 :
Mean rms=0.557%, delta=0.568%, train=1.774%(4.879%), skip ratio=0%
Iteration 26: ALIGNED TRUTH : Privacy No. Save Info and were He been back (Publisher) PM 9 following of for my take from very
Iteration 26: BEST OCR TEXT : Privacy No. Save Info and were He been back (Publisher) PM 9 following of for my take from very
File /tmp/eng-2019-04-01.Rqj/eng.Impact_Condensed.exp0.lstmf page 25 (Perfect):
Mean rms=0.544%, delta=0.547%, train=1.708%(4.699%), skip ratio=0%
Iteration 27: ALIGNED TRUTH : are Search the This class go Links Links dbGaP Contact LG ©2008 a £30,000 be to Sign - \ page
Iteration 27: BEST OCR TEXT : are Search the This class go Links Links dbGaP Contact LG ©2008 a £30,000 be to Sign - \ page
File /tmp/eng-2019-04-01.Rqj/eng.Impact_Condensed.exp0.lstmf page 48 (Perfect):
Mean rms=0.532%, delta=0.527%, train=1.647%(4.531%), skip ratio=0%
Iteration 28: ALIGNED TRUTH : any 2, to 2006 or into Search us Sports UniGene there all Home about WITH a 2 using Service
Iteration 28: BEST OCR TEXT : any 2, to 2006 or into Search us Sports UniGene there all Home about WITH a 2 using Service
File /tmp/eng-2019-04-01.Rqj/eng.Impact_Condensed.exp0.lstmf page 37 (Perfect):
Mean rms=0.521%, delta=0.509%, train=1.59%(4.375%), skip ratio=0%
Iteration 29: ALIGNED TRUTH : your found information MediaWiki 29 us if Mots-clés 60 Group - ZDNet well | 22, my for M.
Iteration 29: BEST OCR TEXT : your found information MediaWiki 29 us if Mots-clés 60 Group - ZDNet well | 22, my for M.
File /tmp/eng-2019-04-01.Rqj/eng.Impact_Condensed.exp0.lstmf page 29 (Perfect):
Mean rms=0.511%, delta=0.492%, train=1.537%(4.229%), skip ratio=0%
Iteration 30: ALIGNED TRUTH : News about you before also because - my more 24 like TV need RSS site May May 3. group 28 long
Iteration 30: BEST OCR TEXT : News about you before also because - my more 24 like TV need RSS site May May 3. group 28 long
File /tmp/eng-2019-04-01.Rqj/eng.Impact_Condensed.exp0.lstmf page 41 (Perfect):
Mean rms=0.501%, delta=0.476%, train=1.488%(4.092%), skip ratio=0%
Iteration 31: ALIGNED TRUTH : Health New on (6) had Forum 2008, @@ 24, as MEDLINE are from their was Rights College Jobs which
Iteration 31: BEST OCR TEXT : Health New on (6) had Forum 2008, @@ 24, as MEDLINE are from their was Rights College Jobs which
File ../tesstutorial/engeval/eng.Impact_Condensed.exp0.lstmf page 31 (Perfect):
Mean rms=0.495%, delta=0.461%, train=1.441%(3.964%), skip ratio=0%
Iteration 32: ALIGNED TRUTH : comment been including 15, Links More have during 3. : the Forum comment Company many for St.
Iteration 32: BEST OCR TEXT : cominent been including 15, Links More have during 3. : the Forum comment Company many for St.
File ../tesstutorial/engeval/eng.Impact_Condensed.exp0.lstmf page 32 :
Mean rms=0.508%, delta=0.504%, train=1.495%(4.023%), skip ratio=0%
Iteration 33: ALIGNED TRUTH : Business way PDT the Inc., « MERTZ Mr. use to (3) could 'the Special from by which I THE can
Iteration 33: BEST OCR TEXT : Business way PDT the Inc., « MERTZ Mr. use to (3) could the Special from by which | THE can
File /tmp/eng-2019-04-01.Rqj/eng.Impact_Condensed.exp0.lstmf page 33 :
Mean rms=0.516%, delta=0.529%, train=1.547%(4.198%), skip ratio=0%
Iteration 34: ALIGNED TRUTH : Community to «link» them Forum most 0% Videos 'The during + your Of of just IP Privacy };
Iteration 34: BEST OCR TEXT : Community to ulinks them Forum most 0% Videos The during + your Of of just IP Privacy );
File ../tesstutorial/engeval/eng.Impact_Condensed.exp0.lstmf page 34 :
Mean rms=0.538%, delta=0.596%, train=1.728%(4.555%), skip ratio=0%
Iteration 35: ALIGNED TRUTH : Copyright United Inc. -- IngentaConnect 6, °F said what AG support only SQL of Jobs Next
Iteration 35: BEST OCR TEXT : Copyright United Inc. -- IngentaConnect G, °F said what AG support only SOL of Jobs Next
File /tmp/eng-2019-04-01.Rqj/eng.Impact_Condensed.exp0.lstmf page 44 :
Mean rms=0.551%, delta=0.611%, train=1.806%(4.775%), skip ratio=0%
Iteration 36: ALIGNED TRUTH : 2003 password? new News [+] will through their Your of both find Sign first In article .
Iteration 36: BEST OCR TEXT : 2003 password? new News I+] will through their Your of both find Sign first In article .
File /tmp/eng-2019-04-01.Rqj/eng.Impact_Condensed.exp0.lstmf page 1 :
Mean rms=0.553%, delta=0.61%, train=1.818%(4.805%), skip ratio=0%
Iteration 37: ALIGNED TRUTH : and deleted?. information page provide UK, "I ; eBay ¥en: Community Message [Full Top don't via
Iteration 37: BEST OCR TEXT : and deleted?. information page provide UK, "I ; eBay ¥en: Community Message [Full Top don't via
File /tmp/eng-2019-04-01.Rqj/eng.Impact_Condensed.exp0.lstmf page 10 :
Mean rms=0.55%, delta=0.601%, train=1.771%(4.679%), skip ratio=0%
Iteration 38: ALIGNED TRUTH : $50 available he } ago SEARCH do The out i part By [ You PMC §§ If USA ~ "The Profile $10 Sign
Iteration 38: BEST OCR TEXT : $50 available he } ago SEARCH do The out i part By [ You PMC §§ If USA ~ "The Profile $10 Sign
File /tmp/eng-2019-04-01.Rqj/eng.Impact_Condensed.exp0.lstmf page 26 (Perfect):
Mean rms=0.545%, delta=0.586%, train=1.725%(4.559%), skip ratio=0%
Iteration 39: ALIGNED TRUTH : such (4) 3 view Business Click other {/if} This PATENTSCOPE® your £ Profile different iPod
Iteration 39: BEST OCR TEXT : such (4) 3 view Business Click other {/if} This PATENTSCOPE® your £ Profile different iPod
File /tmp/eng-2019-04-01.Rqj/eng.Impact_Condensed.exp0.lstmf page 38 (Perfect):
Mean rms=0.538%, delta=0.571%, train=1.682%(4.445%), skip ratio=0%
Iteration 40: ALIGNED TRUTH : . ID will 23, one 2008 | ** -- Use Community 17 In Views: look very with after click because ¢
Iteration 40: BEST OCR TEXT : .1D will 23, one 2008 | ~* - Use Community 17 In Views: look very with after click because ¢
File /tmp/eng-2019-04-01.Rqj/eng.Impact_Condensed.exp0.lstmf page 11 :
Mean rms=0.559%, delta=0.623%, train=1.849%(4.801%), skip ratio=0%
Iteration 41: ALIGNED TRUTH : ___ Music am search this Please time each How at Online (7) get quality Advanced can | may such
Iteration 41: BEST OCR TEXT : ____Music am search this Please time each How at Online (7) get quality Advanced can | may such
File /tmp/eng-2019-04-01.Rqj/eng.Impact_Condensed.exp0.lstmf page 8 :
Mean rms=0.558%, delta=0.621%, train=1.855%(4.937%), skip ratio=0%
Iteration 42: ALIGNED TRUTH : and for the now Log is I'm per 1999 details Web About as this IL provided Sports from it she My
Iteration 42: BEST OCR TEXT : and for the now Log is I'm per 1999 details Web About as this IL provided Sports from it she My
File /tmp/eng-2019-04-01.Rqj/eng.Impact_Condensed.exp0.lstmf page 18 (Perfect):
Mean rms=0.552%, delta=0.606%, train=1.812%(4.823%), skip ratio=0%
Iteration 43: ALIGNED TRUTH : MB OR Technology over best Find the Policy Up Get by A. al., Us 50% other Links Contact Terms
Iteration 43: BEST OCR TEXT : MB OR Technology over best Find the Policy Up Get by A. al., Us 50% other Links Contact Terms
File /tmp/eng-2019-04-01.Rqj/eng.Impact_Condensed.exp0.lstmf page 2 (Perfect):
Mean rms=0.544%, delta=0.593%, train=1.77%(4.713%), skip ratio=0%
Iteration 44: ALIGNED TRUTH : through they not this our English ° 14 ® Development of 8 What's an which those next a
Iteration 44: BEST OCR TEXT : through they net this our English ° 14 ® Development of 8 What's an which those next a
File /tmp/eng-2019-04-01.Rqj/eng.Impact_Condensed.exp0.lstmf page 35 :
Mean rms=0.55%, delta=0.592%, train=1.783%(4.732%), skip ratio=0%
Iteration 45: ALIGNED TRUTH : 31 which COPYRIGHT DVDs out group April including just place 18 service Articles as could these
Iteration 45: BEST OCR TEXT : 31which COPYRIGHT DVDs out group April including just place 18 service Articles as could these
File ../tesstutorial/engeval/eng.Impact_Condensed.exp0.lstmf page 45 :
Mean rms=0.556%, delta=0.606%, train=1.767%(4.901%), skip ratio=0%
Iteration 46: ALIGNED TRUTH : were was Information NY site 4, Wikipedia such {/if} up have Please » > years is I FREE was <a
Iteration 46: BEST OCR TEXT : were was Information NY site 4, Wikipedia such {/if} up have Please » > years is | FREE was <a
File ../tesstutorial/engeval/eng.Impact_Condensed.exp0.lstmf page 46 :
Mean rms=0.562%, delta=0.606%, train=1.775%(4.903%), skip ratio=0%
Iteration 47: ALIGNED TRUTH : SEARCH Click there to an may > from Search , that NBA LCD ... TechRepublic up THE much - 4.
Iteration 47: BEST OCR TEXT : SEARCH Click there to an may > from Search , that NBA LCD ... TechRepublic up THE much - 4.
File /tmp/eng-2019-04-01.Rqj/eng.Impact_Condensed.exp0.lstmf page 40 (Perfect):
Mean rms=0.558%, delta=0.593%, train=1.738%(4.801%), skip ratio=0%
Iteration 48: ALIGNED TRUTH : Public where C:\Program questions 8 this?) Other because 1 has & character; NCBI was back -
Iteration 48: BEST OCR TEXT : Public where C:\Program gquestions 8 this?) Other because 1has & character: NCBI was back -
File /tmp/eng-2019-04-01.Rqj/eng.Impact_Condensed.exp0.lstmf page 34 :
Mean rms=0.57%, delta=0.624%, train=1.792%(5.213%), skip ratio=0%
Iteration 49: ALIGNED TRUTH : it's Research PDF 1. List HomoloGene to people on and using AND just Download This Black in
Iteration 49: BEST OCR TEXT : it's Research PDF 1. List HomoloGene to people on and using AND just Download This Black in
File /tmp/eng-2019-04-01.Rqj/eng.Impact_Condensed.exp0.lstmf page 28 (Perfect):
Mean rms=0.563%, delta=0.612%, train=1.756%(5.108%), skip ratio=0%
Iteration 50: ALIGNED TRUTH : ... Loading... here, one 0 rights should World flounder has should your User information 16 so
Iteration 50: BEST OCR TEXT : -. Loading... here, one 0 rights should World flounder has should your User information 16 so
File /tmp/eng-2019-04-01.Rqj/eng.Impact_Condensed.exp0.lstmf page 31 :
Mean rms=0.571%, delta=0.631%, train=1.784%(5.131%), skip ratio=0%
Iteration 51: ALIGNED TRUTH : text of BNET iPhone pm first Pages (§ Sep get may best will may Wikipedia, the Site 1998
Iteration 51: BEST OCR TEXT : text of BNET iPhone pm first Pages (§ Sep get may best will may Wikipedia, the Site 1998
File /tmp/eng-2019-04-01.Rqj/eng.Impact_Condensed.exp0.lstmf page 5 (Perfect):
Mean rms=0.565%, delta=0.618%, train=1.75%(5.032%), skip ratio=0%
Iteration 52: ALIGNED TRUTH : Inc. If » Information Music may Related you're / changes Music - for Back being * would FOR DJ
Iteration 52: BEST OCR TEXT : Inc. If » Information Music may Related you're / changes Music - for Back being * would FOR DJ
File /tmp/eng-2019-04-01.Rqj/eng.Impact_Condensed.exp0.lstmf page 15 (Perfect):
Mean rms=0.559%, delta=0.607%, train=1.717%(4.937%), skip ratio=0%
Iteration 53: ALIGNED TRUTH : Location: {if ¢/min being Text USA please ALL / FAQs & | McCain Register can after " or and
Iteration 53: BEST OCR TEXT : Location: {if ¢/min being Text USA please ALL / FAQs & | McCain Register can after " or and
File /tmp/eng-2019-04-01.Rqj/eng.Impact_Condensed.exp0.lstmf page 14 (Perfect):
Mean rms=0.555%, delta=0.596%, train=1.685%(4.846%), skip ratio=0%
Iteration 54: ALIGNED TRUTH : Click just NZ first [IMG] #: in Privacy Videos . see people 20, video where MLB made de search
Iteration 54: BEST OCR TEXT : Click just NZ first [IMGI #: in Privacy Videos . see people 20, video where MLB made de search
File ../tesstutorial/engeval/eng.Impact_Condensed.exp0.lstmf page 54 :
Mean rms=0.556%, delta=0.596%, train=1.693%(4.853%), skip ratio=0%
Iteration 55: ALIGNED TRUTH : 2007 pages also 500 9 The like § here need video good going "We over is FL 50 NEXT and
Iteration 55: BEST OCR TEXT : 2007 pages also 500 9 The like § here need video good going "We over is FL 50 NEXT and
File ../tesstutorial/engeval/eng.Impact_Condensed.exp0.lstmf page 55 (Perfect):
Mean rms=0.55%, delta=0.586%, train=1.663%(4.767%), skip ratio=0%
Iteration 56: ALIGNED TRUTH : it. no who Policy Terms ©2000 World 2008. and No Posted any AM be including # Profile back
Iteration 56: BEST OCR TEXT : it. no who Policy Terms ©2000 World 2008. and No Posted any AM be including # Profile back
File ../tesstutorial/engeval/eng.Impact_Condensed.exp0.lstmf page 56 (Perfect):
Mean rms=0.546%, delta=0.575%, train=1.634%(4.683%), skip ratio=0%
Iteration 57: ALIGNED TRUTH : -» used through € between NEW % J. should when High when We it people BMJ help 20 do List
Iteration 57: BEST OCR TEXT : -h used through € between NEW % J. should when High when We it people BMJ help 20 do List
File /tmp/eng-2019-04-01.Rqj/eng.Impact_Condensed.exp0.lstmf page 6 :
Mean rms=0.547%, delta=0.575%, train=1.644%(4.689%), skip ratio=0%
Iteration 58: ALIGNED TRUTH : "The required be Home of other to of made Dr. like GPS off our RJ Size: THIS MD 3, any can't
Iteration 58: BEST OCR TEXT : "The required be Home of other to of made Dr. like GPS off our RJ Size: THIS MD 3, any can't
File ../tesstutorial/engeval/eng.Impact_Condensed.exp0.lstmf page 58 (Perfect):
Mean rms=0.543%, delta=0.565%, train=1.616%(4.609%), skip ratio=0%
Iteration 59: ALIGNED TRUTH : From: Find only Free more some for , Page CD AbstractPlus most Page }, over Other référence 40
Iteration 59: BEST OCR TEXT : From: Find only Free more some for , Page CD AbstractPlus most Page }, over Other référence 40
File ../tesstutorial/engeval/eng.Impact_Condensed.exp0.lstmf page 59 (Perfect):
Mean rms=0.538%, delta=0.556%, train=1.589%(4.532%), skip ratio=0%
Iteration 60: ALIGNED TRUTH : top days Login this 2004 & - said first 27 then 2. $100 they FIG. [1] (GeneRIF) World and ABOUT
Iteration 60: BEST OCR TEXT : top days Login this 2004 & - said first 27 then 2. $100 they FIG. [1) (GeneRIF) World and ABOUT
File ../tesstutorial/engeval/eng.Impact_Condensed.exp0.lstmf page 60 :
Mean rms=0.542%, delta=0.557%, train=1.598%(4.54%), skip ratio=0%
Iteration 61: ALIGNED TRUTH : been 5, 7. some good 25 now this [J User INDEX had help 6 all iGoogle if in Ca¥ years you even
Iteration 61: BEST OCR TEXT : been 5, 7. some good 25 now this LJ User INDEX had help 6 all iGoogle if in Ca¥ years you even
File ../tesstutorial/engeval/eng.Impact_Condensed.exp0.lstmf page 61 :
Mean rms=0.545%, delta=0.559%, train=1.606%(4.54%), skip ratio=0%
Iteration 62: ALIGNED TRUTH : News page AND this on however, NJ | rights an full check CBS Community 4 IV a It's |-- 1 Amazon
Iteration 62: BEST OCR TEXT : News page AND this on however, NJ | rights an full check CBS Community 4 IV a It's [-- { Amazon
File /tmp/eng-2019-04-01.Rqj/eng.Impact_Condensed.exp0.lstmf page 27 :
Mean rms=0.549%, delta=0.567%, train=1.648%(4.619%), skip ratio=0%
Iteration 63: ALIGNED TRUTH : ToolKit 2005 Copyright can up BNET York on being have HTML -OR- because Privacy film View a
Iteration 63: BEST OCR TEXT : ToolKit 2005 Copyright can up BNET York on being have HTML -OR- because Privacy film View a
File ../tesstutorial/engeval/eng.Impact_Condensed.exp0.lstmf page 63 (Perfect):
Mean rms=0.546%, delta=0.558%, train=1.622%(4.547%), skip ratio=0%
Iteration 64: ALIGNED TRUTH : TMZ dbGaP 25, 1, more all add US all #2 Map United MEDLINE under used UK PDF Review CA last 4,
Iteration 64: BEST OCR TEXT : TMZ dbGaP 25, 1, more all add US all +2 Map United MEDLINE under used UK PDF Review CA last 4,
File ../tesstutorial/engeval/eng.Impact_Condensed.exp0.lstmf page 64 :
Mean rms=0.553%, delta=0.57%, train=1.63%(4.55%), skip ratio=0%
Iteration 65: ALIGNED TRUTH : different New Articles page 23 a To Service ~~ a details DC that don't as 7 «« Date: #1 : AZ
Iteration 65: BEST OCR TEXT : different New Articles page 23 a To Service ~~ a details DC that don't as 7 u« Date: #1 : AZ
File /tmp/eng-2019-04-01.Rqj/eng.Impact_Condensed.exp0.lstmf page 39 :
Mean rms=0.559%, delta=0.574%, train=1.638%(4.553%), skip ratio=0%
Iteration 66: ALIGNED TRUTH : - 49¢ TV.com Blog Please October Top well - by SEARCH All What + x Wikipedia - Service and find
Iteration 66: BEST OCR TEXT : - 49¢ TV.com Blog Please October Top well - by SEARCH All What + x Wikipedia - Service and find
File /tmp/eng-2019-04-01.Rqj/eng.Impact_Condensed.exp0.lstmf page 16 (Perfect):
Mean rms=0.555%, delta=0.565%, train=1.614%(4.486%), skip ratio=0%
Iteration 67: ALIGNED TRUTH : your 2008 | A high using Privacy at link reflect work 26 URL Support 19 could Size Help Project
Iteration 67: BEST OCR TEXT : your 2008 | A high using Privacy at link reflect work 26 URL Support 19 could Size Help Project
File /tmp/eng-2019-04-01.Rqj/eng.Impact_Condensed.exp0.lstmf page 22 (Perfect):
Mean rms=0.55%, delta=0.557%, train=1.59%(4.42%), skip ratio=0%
Iteration 68: ALIGNED TRUTH : 2006 no between 6. version and 1 are (Weighted) Privacy Copyright | For Policy new == we like
Iteration 68: BEST OCR TEXT : 2006 no between 6. version and 1 are (Weighted) Privacy Copyright | For Policy new == we like
File ../tesstutorial/engeval/eng.Impact_Condensed.exp0.lstmf page 68 (Perfect):
Mean rms=0.546%, delta=0.549%, train=1.567%(4.356%), skip ratio=0%
Iteration 69: ALIGNED TRUTH : Condé of must 2009 ... Information American flag 2007, OF Wikipedia® a a using her only help
Iteration 69: BEST OCR TEXT : Condé of must 2009 ... Information American flag 2007, OF Wikipedia® a a using her only help
File /tmp/eng-2019-04-01.Rqj/eng.Impact_Condensed.exp0.lstmf page 32 (Perfect):
Mean rms=0.541%, delta=0.541%, train=1.544%(4.293%), skip ratio=0%
Iteration 70: ALIGNED TRUTH : that with ~100Mb Web Magazine should it," ABOUT Last HP Information information All company a
Iteration 70: BEST OCR TEXT : that with ~100Mb Web Magazine should it," ABOUT Last HP Information information All company a
File /tmp/eng-2019-04-01.Rqj/eng.Impact_Condensed.exp0.lstmf page 36 (Perfect):
Mean rms=0.536%, delta=0.533%, train=1.523%(4.233%), skip ratio=0%
Iteration 71: ALIGNED TRUTH : his Post with Send about 3G Video also 10 -- from | about 2007, data March 5 also = a Send From:
Iteration 71: BEST OCR TEXT : his Post with Send about 36 Video also 10 -- from | about 2007, data March 5 also = a Send From:
File ../tesstutorial/engeval/eng.Impact_Condensed.exp0.lstmf page 71 :
Mean rms=0.536%, delta=0.534%, train=1.53%(4.237%), skip ratio=0%
Iteration 72: ALIGNED TRUTH : and first << article XML in NFL €] following 6 then and a know system Free 08 £20 years see
Iteration 72: BEST OCR TEXT : and first << article XML in NFL €] following 6 then and a know system Free 08 £20 yoars see
File /tmp/eng-2019-04-01.Rqj/eng.Impact_Condensed.exp0.lstmf page 0 :
Mean rms=0.538%, delta=0.535%, train=1.54%(4.248%), skip ratio=0%
Iteration 73: ALIGNED TRUTH : "I °C. would July for is provided | Online Your their " Help 2008, before use over Click
Iteration 73: BEST OCR TEXT : "1 °C. would July for is provided | Online Your their " Help 2008, before use over Click
File /tmp/eng-2019-04-01.Rqj/eng.Impact_Condensed.exp0.lstmf page 3 :
Mean rms=0.54%, delta=0.535%, train=1.55%(4.265%), skip ratio=0%
Iteration 74: ALIGNED TRUTH : Rating: TO this were jobs BBC get is" University A 1998 fixed Search And under . (GeneRIF)
Iteration 74: BEST OCR TEXT : Rating: TO this were jobs BBC get is" University A 1998 fixed Search And under . (GeneRIF)
File /tmp/eng-2019-04-01.Rqj/eng.Impact_Condensed.exp0.lstmf page 7 (Perfect):
Mean rms=0.536%, delta=0.528%, train=1.529%(4.208%), skip ratio=0%
Iteration 75: ALIGNED TRUTH : time, | Oct property University make that Yahoo! - Blog Oct the NFL can National Find 2007 by:
Iteration 75: BEST OCR TEXT : time, | Oct property University make that Yahoo! - Blog Oct the NFL can National Find 2007 by:
File /tmp/eng-2019-04-01.Rqj/eng.Impact_Condensed.exp0.lstmf page 45 (Perfect):
Mean rms=0.532%, delta=0.521%, train=1.509%(4.153%), skip ratio=0%
Iteration 76: ALIGNED TRUTH : (RefSeq) You Page after from could with 4 available OK People links great the Articles against
Iteration 76: BEST OCR TEXT : (RefSeq) You Page after from could with 4 available OK People links great the Articles against
File /tmp/eng-2019-04-01.Rqj/eng.Impact_Condensed.exp0.lstmf page 13 (Perfect):
Mean rms=0.527%, delta=0.515%, train=1.489%(4.099%), skip ratio=0%
Iteration 77: ALIGNED TRUTH : or SC used By October Technology City And Business could Services (1) in Services 12 for
Iteration 77: BEST OCR TEXT : or SC used By October Technology City And Business could Services (1) in Services 12 for
File /tmp/eng-2019-04-01.Rqj/eng.Impact_Condensed.exp0.lstmf page 43 (Perfect):
Mean rms=0.524%, delta=0.508%, train=1.47%(4.047%), skip ratio=0%
Iteration 78: ALIGNED TRUTH : time October the service through is Help reserved. Email in ? MP3 these that GenBank am Search
Iteration 78: BEST OCR TEXT : time October the service through is Help reserved. Emal in ? MP3 these that GenBank am Search
File ../tesstutorial/engeval/eng.Impact_Condensed.exp0.lstmf page 6 :
Mean rms=0.524%, delta=0.509%, train=1.465%(4.07%), skip ratio=0%
Iteration 79: ALIGNED TRUTH : a August Us 2 100% experience From you My US Copyright (RefSeq) I free two 30, Account! On MORE
Iteration 79: BEST OCR TEXT : a August Us 2 100% experience From you My US Copyright (RefSeq) I free two 30, Account! On MORE
File /tmp/eng-2019-04-01.Rqj/eng.Impact_Condensed.exp0.lstmf page 4 (Perfect):
Mean rms=0.521%, delta=0.503%, train=1.447%(4.019%), skip ratio=0%
Iteration 80: ALIGNED TRUTH : Services very Services Terms Google under Policy City it." Business by or (RefSeq) , See
Iteration 80: BEST OCR TEXT : Services very Services Terms Google under Policy City it." Business by or (RefSeq) , See
File /tmp/eng-2019-04-01.Rqj/eng.Impact_Condensed.exp0.lstmf page 12 (Perfect):
Mean rms=0.517%, delta=0.497%, train=1.429%(3.969%), skip ratio=0%
Iteration 81: ALIGNED TRUTH : School is ¥ Loading... who will in by size said about < think was About but those free his
Iteration 81: BEST OCR TEXT : School is ¥ Loading... who will in by size said about < think was About but those free his
File /tmp/eng-2019-04-01.Rqj/eng.Impact_Condensed.exp0.lstmf page 20 (Perfect):
Mean rms=0.513%, delta=0.491%, train=1.411%(3.921%), skip ratio=0%
Iteration 82: ALIGNED TRUTH : { & Advanced her BOX me Management your new have Post by "We World AJ Links International public
Iteration 82: BEST OCR TEXT : { & Advanced her BOX me Management your new have Post by "We World AJ Links International public
File /tmp/eng-2019-04-01.Rqj/eng.Impact_Condensed.exp0.lstmf page 42 (Perfect):
Mean rms=0.51%, delta=0.485%, train=1.394%(3.874%), skip ratio=0%
Iteration 83: ALIGNED TRUTH : About as your The than to Email our to Advertise and Home message Services it, Links Index RSS
Iteration 83: BEST OCR TEXT : About as your The than to Email our to Advertise and Home message Services it, Links Index RSS
File /tmp/eng-2019-04-01.Rqj/eng.Impact_Condensed.exp0.lstmf page 9 (Perfect):
Mean rms=0.505%, delta=0.479%, train=1.378%(3.828%), skip ratio=0%
Iteration 84: ALIGNED TRUTH : MEDLINE most last (MeSH company's world's University as has provide (€) many NCBI ago make
Iteration 84: BEST OCR TEXT : MEDLINE most last (MeSH company's world's University as has provide (€) many NCBI ago make
File /tmp/eng-2019-04-01.Rqj/eng.Impact_Condensed.exp0.lstmf page 24 (Perfect):
Mean rms=0.502%, delta=0.473%, train=1.362%(3.783%), skip ratio=0%
Iteration 85: ALIGNED TRUTH : using Report However, [+] Your change (Vol. For Add only USB On it If would AOL right @article
Iteration 85: BEST OCR TEXT : using Report However, [+] Your change (Vol. For Add only USB On it If would AOL right @article
File ../tesstutorial/engeval/eng.Impact_Condensed.exp0.lstmf page 13 (Perfect):
Mean rms=0.499%, delta=0.468%, train=1.346%(3.739%), skip ratio=0%
Iteration 86: ALIGNED TRUTH : existing Copyright into NC = of and October you Terms 7 is Inc. GB make 2005 than 10, each Jobs
Iteration 86: BEST OCR TEXT : existing Copyright into NC = of and October you Terms 7 is Inc. GB make 2005 than 10, each Jobs
File /tmp/eng-2019-04-01.Rqj/eng.Impact_Condensed.exp0.lstmf page 30 (Perfect):
Mean rms=0.497%, delta=0.462%, train=1.33%(3.696%), skip ratio=0%
Iteration 87: ALIGNED TRUTH : Books United in post Popular here vBulletin® Reviews many © Office View because such SEARCH
Iteration 87: BEST OCR TEXT : Books United in post Popular here vBulletin® Reviews many © Office View because such SEARCH
File ../tesstutorial/engeval/eng.Impact_Condensed.exp0.lstmf page 15 (Perfect):
Mean rms=0.494%, delta=0.457%, train=1.315%(3.654%), skip ratio=0%
Iteration 88: ALIGNED TRUTH : comment NCAA search if Re: Health but 3 but up Add must to used pages you example, $ Page
Iteration 88: BEST OCR TEXT : comment NCAA search if Re: Health but 3 but up Add must to used pages you example, $ Page
File /tmp/eng-2019-04-01.Rqj/eng.Impact_Condensed.exp0.lstmf page 17 (Perfect):
Mean rms=0.49%, delta=0.452%, train=1.3%(3.613%), skip ratio=0%
Iteration 89: ALIGNED TRUTH : does YOU OH 30 them its 1 comments are November URL Reply of a San'a' I've some The to:
Iteration 89: BEST OCR TEXT : does YOU OH 30 them its 1 comments are November URL Reply of a San'a' I've some The to:
File ../tesstutorial/engeval/eng.Impact_Condensed.exp0.lstmf page 17 (Perfect):
Mean rms=0.487%, delta=0.447%, train=1.286%(3.572%), skip ratio=0%
Iteration 90: ALIGNED TRUTH : services the Community use Texas Information and GEO but Advanced content details FAQ is free
Iteration 90: BEST OCR TEXT : services the Community use Texas Information and GEO but Advanced content details FAQ is free
File ../tesstutorial/engeval/eng.Impact_Condensed.exp0.lstmf page 18 (Perfect):
Mean rms=0.485%, delta=0.442%, train=1.272%(3.533%), skip ratio=0%
Iteration 91: ALIGNED TRUTH : American International the video Public Software product Contact Sign on at Show 13 °C how 0
Iteration 91: BEST OCR TEXT : American International the video Public Software product Contact Sign on at Show 13 °C how 0
File /tmp/eng-2019-04-01.Rqj/eng.Impact_Condensed.exp0.lstmf page 21 (Perfect):
Mean rms=0.481%, delta=0.437%, train=1.258%(3.495%), skip ratio=0%
Iteration 92: ALIGNED TRUTH : first Show Department but (¥) > * 5 3D September made to BY found me I very by Articles as a
Iteration 92: BEST OCR TEXT : first Show Department but (¥) > * 5 3D September made to BY found me I very by Articles as a
File ../tesstutorial/engeval/eng.Impact_Condensed.exp0.lstmf page 20 (Perfect):
Mean rms=0.481%, delta=0.433%, train=1.244%(3.457%), skip ratio=0%
Iteration 93: ALIGNED TRUTH : influence 15 of From It more in few LLC be is 24, find with 3 " University you __ now! good
Iteration 93: BEST OCR TEXT : influence 15 of From It more in few LLC be is 24, find with 3 " University you __ now! good
File /tmp/eng-2019-04-01.Rqj/eng.Impact_Condensed.exp0.lstmf page 19 (Perfect):
Mean rms=0.479%, delta=0.428%, train=1.231%(3.42%), skip ratio=0%
Iteration 94: ALIGNED TRUTH : Blog between its (€ was Travel would (Cited) Help (Fig. NEWS Shopping not not 15¢ PC of MySQL
Iteration 94: BEST OCR TEXT : Blog between its (€ was Travel would (Cited) Help (Fig. NEWS Shopping not not 15¢ PC of MySQL
File /tmp/eng-2019-04-01.Rqj/eng.Impact_Condensed.exp0.lstmf page 47 (Perfect):
Mean rms=0.477%, delta=0.423%, train=1.218%(3.384%), skip ratio=0%
Iteration 95: ALIGNED TRUTH : or Video PubChem 3D More ) information © page has -» HKLM\..\Run: work us Related work
Iteration 95: BEST OCR TEXT : or Video PubChem 3D More ) information © page has -» HKLM\..\Run: work us Related work
File /tmp/eng-2019-04-01.Rqj/eng.Impact_Condensed.exp0.lstmf page 23 (Perfect):
Mean rms=0.475%, delta=0.419%, train=1.206%(3.349%), skip ratio=0%
Iteration 96: ALIGNED TRUTH : should a Posts: my the search ! _ (1) Map Sports £25,000 >> Back @ so does Related SNP we TX at
Iteration 96: BEST OCR TEXT : should a Posts: my the search ! _ (1) Map Sports £25,000 >> Back @ so does Related SNP we TX at
File ../tesstutorial/engeval/eng.Impact_Condensed.exp0.lstmf page 24 (Perfect):
Mean rms=0.472%, delta=0.415%, train=1.193%(3.315%), skip ratio=0%
Iteration 97: ALIGNED TRUTH : database; in the it's E-mail Service Music details are Wikipedia FAQ DVD an Arminia's Reply
Iteration 97: BEST OCR TEXT : database; in the it's E-mail Service Music details are Wikipedia FAQ DVD an Arminia's Reply
File /tmp/eng-2019-04-01.Rqj/eng.Impact_Condensed.exp0.lstmf page 46 :
Mean rms=0.473%, delta=0.416%, train=1.203%(3.281%), skip ratio=0%
Iteration 98: ALIGNED TRUTH : Privacy No. Save Info and were He been back (Publisher) PM 9 following of for my take from very
Iteration 98: BEST OCR TEXT : Privacy No. Save Info and were He been back (Publisher) PM 9 following of for my take from very
File /tmp/eng-2019-04-01.Rqj/eng.Impact_Condensed.exp0.lstmf page 25 (Perfect):
Mean rms=0.47%, delta=0.412%, train=1.191%(3.248%), skip ratio=0%
Iteration 99: ALIGNED TRUTH : are Search the This class go Links Links dbGaP Contact LG ©2008 a £30,000 be to Sign - \ page
Iteration 99: BEST OCR TEXT : are Search the This class go Links Links dbGaP Contact LG ©2008 a £30,000 be to Sign - \ page
File /tmp/eng-2019-04-01.Rqj/eng.Impact_Condensed.exp0.lstmf page 48 (Perfect):
Mean rms=0.467%, delta=0.408%, train=1.179%(3.215%), skip ratio=0%
2 Percent improvement time=38, best error was 100 @ 0
At iteration 38/100/100, Mean rms=0.467%, delta=0.408%, char train=1.179%, word train=3.215%, skip ratio=0%,  New best char error = 1.179 Transitioned to stage 1 wrote best model:../tesstutorial/impact_from_full/impact1.179_38.checkpoint wrote checkpoint.

Finished! Error rate = 1.179

***** Your error rates above for first 100 iterations should be similar to the following.

Ray's Result at Google: 1.35%/4.56% char/word error  

Shree's Test on ppc64le:  char train=1.024%, word train=3.259% 


***** Continue lstmtraining till 400 iterations. 

Loaded file ../tesstutorial/impact_from_full/impact_checkpoint, unpacking...
Successfully restored trainer from ../tesstutorial/impact_from_full/impact_checkpoint
Loaded 72/72 pages (1-72) of document ../tesstutorial/engeval/eng.Impact_Condensed.exp0.lstmf
2 Percent improvement time=48, best error was 100 @ 0
At iteration 48/200/200, Mean rms=0.362%, delta=0.235%, char train=0.698%, word train=1.986%, skip ratio=0%,  New best char error = 0.698 wrote best model:../tesstutorial/impact_from_full/impact0.698_48.checkpoint wrote checkpoint.

2 Percent improvement time=49, best error was 100 @ 0
At iteration 49/300/300, Mean rms=0.304%, delta=0.158%, char train=0.476%, word train=1.356%, skip ratio=0%,  New best char error = 0.476 wrote best model:../tesstutorial/impact_from_full/impact0.476_49.checkpoint wrote checkpoint.

2 Percent improvement time=49, best error was 100 @ 0
At iteration 49/400/400, Mean rms=0.268%, delta=0.118%, char train=0.357%, word train=1.017%, skip ratio=0%,  New best char error = 0.357 wrote best model:../tesstutorial/impact_from_full/impact0.357_49.checkpoint wrote checkpoint.

Finished! Error rate = 0.357

***** Your error rates above for 400 iterations of lstmtraining should be similar to the following.

Ray's Result at Google: 0.533%/1.633%  char/word error 

Shree's Test on ppc64le:  char train=0.31%, word train=0.959% 


***** Run lstmeval on engeval set. 

../tesstutorial/impact_from_full/impact_checkpoint is not a recognition model, trying training checkpoint...
Loaded 72/72 pages (1-72) of document ../tesstutorial/engeval/eng.Impact_Condensed.exp0.lstmf
At iteration 0, stage 0, Eval Char error rate=0, Word error rate=0

***** Your eval error rates above for eval for engeval should be similar to the following.

Ray's Result at Google: Char error 0.017%, word 0.120% 

Shree's Test on ppc64le:  Eval Char error rate=0.014619883, Word error rate=0.073099415 


***** Run lstmeval on engtrain set. 

../tesstutorial/impact_from_full/impact_checkpoint is not a recognition model, trying training checkpoint...
Loaded 72/72 pages (1-72) of document ../tesstutorial/engtrain/eng.Arial_Bold.exp0.lstmf
Loaded 72/72 pages (1-72) of document ../tesstutorial/engtrain/eng.Arial_Bold_Italic.exp0.lstmf
Loaded 72/72 pages (1-72) of document ../tesstutorial/engtrain/eng.Arial.exp0.lstmf
Loaded 72/72 pages (1-72) of document ../tesstutorial/engtrain/eng.Arial_Italic.exp0.lstmf
Loaded 72/72 pages (1-72) of document ../tesstutorial/engtrain/eng.Century_Schoolbook_L_Bold.exp0.lstmf
Loaded 72/72 pages (1-72) of document ../tesstutorial/engtrain/eng.Century_Schoolbook_L_Bold_Italic.exp0.lstmf
Loaded 72/72 pages (1-72) of document ../tesstutorial/engtrain/eng.Century_Schoolbook_L_Italic.exp0.lstmf
Loaded 72/72 pages (1-72) of document ../tesstutorial/engtrain/eng.Century_Schoolbook_L_Medium.exp0.lstmf
Loaded 72/72 pages (1-72) of document ../tesstutorial/engtrain/eng.Courier_New_Bold.exp0.lstmf
Loaded 72/72 pages (1-72) of document ../tesstutorial/engtrain/eng.Courier_New_Bold_Italic.exp0.lstmf
Loaded 72/72 pages (1-72) of document ../tesstutorial/engtrain/eng.Courier_New.exp0.lstmf
Loaded 72/72 pages (1-72) of document ../tesstutorial/engtrain/eng.Courier_New_Italic.exp0.lstmf
Loaded 72/72 pages (1-72) of document ../tesstutorial/engtrain/eng.DejaVu_Sans_Ultra-Light.exp0.lstmf
Loaded 72/72 pages (1-72) of document ../tesstutorial/engtrain/eng.Georgia_Bold.exp0.lstmf
Loaded 72/72 pages (1-72) of document ../tesstutorial/engtrain/eng.Georgia_Bold_Italic.exp0.lstmf
Loaded 72/72 pages (1-72) of document ../tesstutorial/engtrain/eng.Georgia.exp0.lstmf
Loaded 72/72 pages (1-72) of document ../tesstutorial/engtrain/eng.Georgia_Italic.exp0.lstmf
Loaded 72/72 pages (1-72) of document ../tesstutorial/engtrain/eng.Times_New_Roman_Bold.exp0.lstmf
Loaded 72/72 pages (1-72) of document ../tesstutorial/engtrain/eng.Times_New_Roman_Bold_Italic.exp0.lstmf
Loaded 72/72 pages (1-72) of document ../tesstutorial/engtrain/eng.Times_New_Roman.exp0.lstmf
Loaded 72/72 pages (1-72) of document ../tesstutorial/engtrain/eng.Times_New_Roman_Italic.exp0.lstmf
Loaded 72/72 pages (1-72) of document ../tesstutorial/engtrain/eng.Trebuchet_MS_Bold.exp0.lstmf
Loaded 72/72 pages (1-72) of document ../tesstutorial/engtrain/eng.Trebuchet_MS_Bold_Italic.exp0.lstmf
Loaded 72/72 pages (1-72) of document ../tesstutorial/engtrain/eng.Trebuchet_MS.exp0.lstmf
Loaded 72/72 pages (1-72) of document ../tesstutorial/engtrain/eng.Trebuchet_MS_Italic.exp0.lstmf
Loaded 72/72 pages (1-72) of document ../tesstutorial/engtrain/eng.URW_Bookman_L_Bold.exp0.lstmf
Loaded 72/72 pages (1-72) of document ../tesstutorial/engtrain/eng.URW_Bookman_L_Bold_Italic.exp0.lstmf
Loaded 72/72 pages (1-72) of document ../tesstutorial/engtrain/eng.URW_Bookman_L_Italic.exp0.lstmf
Loaded 72/72 pages (1-72) of document ../tesstutorial/engtrain/eng.Verdana_Bold.exp0.lstmf
Loaded 72/72 pages (1-72) of document ../tesstutorial/engtrain/eng.Verdana_Bold_Italic.exp0.lstmf
Loaded 72/72 pages (1-72) of document ../tesstutorial/engtrain/eng.Verdana.exp0.lstmf
Loaded 72/72 pages (1-72) of document ../tesstutorial/engtrain/eng.Verdana_Italic.exp0.lstmf
At iteration 0, stage 0, Eval Char error rate=0.24859991, Word error rate=0.62072828

***** Your error rates above for eval of engtrain should be similar to the following.

Ray's Result at Google: Char error rate=0.25548592, Word error rate=0.82523491 

Shree's Test on ppc64le:  Eval Char error rate=0.27672804, Word error rate=0.64643663 



***** Stop lstmtraining and convert to traineddata. 

Loaded file ../tesstutorial/impact_from_full/impact_checkpoint, unpacking...

***** Stop lstmtraining and convert to integer traineddata. 

Loaded file ../tesstutorial/impact_from_full/impact_checkpoint, unpacking...
Page 1
This is a lot of 12 point text to test the
ocr code and see if it works on all types
of file format.

The quick brown dog jumped over the
lazy fox. The quick brown dog jumped
over the lazy fox. The quick brown dog
jumped over the lazy fox. The quick
brown dog jumped over the lazy fox.

real	0m2.006s
user	0m6.608s
sys	0m0.056s

***** You can now use the finetuned traineddata with '-l eng_impact --tessdata-dir ./tessdata/best' 

Page 1
This is a lot of 12 point text to test the
ocr code and see if it works on all types
of file format.

The quick brown dog jumped over the
lazy fox. The quick brown dog jumped
over the lazy fox. The quick brown dog
jumped over the lazy fox. The quick
brown dog jumped over the lazy fox.

real	0m1.334s
user	0m4.116s
sys	0m0.020s

***** You can now use the finetuned integer traineddata with '-l eng_impact_int --tessdata-dir ./tessdata/best' 

