Linux tesseract-ocr 5.3.0-40-generic #32~18.04.1-Ubuntu SMP Mon Feb 3 14:05:15 UTC 2020 ppc64le ppc64le ppc64le GNU/Linux
tesseract 5.0.0-alpha-595-gccb9
 leptonica-1.78.0
  libgif 5.1.4 : libjpeg 8d (libjpeg-turbo 1.5.2) : libpng 1.6.34 : libtiff 4.0.9 : zlib 1.2.11 : libwebp 0.6.1 : libopenjp2 2.3.0
 Found OpenMP 201511

***** Using plusminustheta  training_text.

***** Making training data for trainplusminustheta set for plusminus training.

***** This uses the fontlist for LATIN script fonts from src/training/language-specific.sh

Creating new directory ../tesstutorial/trainplusminustheta

=== Starting training for language 'eng'
[Mon May 25 09:08:54 UTC 2020] /usr/local/bin/text2image --fonts_dir=/usr/share/fonts --ptsize 12 --font=Arial Bold --outputbase=/tmp/font_tmp.6LtVzrcXIB/sample_text.txt --text=/tmp/font_tmp.6LtVzrcXIB/sample_text.txt --fontconfig_tmpdir=/tmp/font_tmp.6LtVzrcXIB
Rendered page 0 to file /tmp/font_tmp.6LtVzrcXIB/sample_text.txt.tif

=== Phase I: Generating training images ===
Rendering using Arial Bold
[Mon May 25 09:09:26 UTC 2020] /usr/local/bin/text2image --fontconfig_tmpdir=/tmp/font_tmp.6LtVzrcXIB --fonts_dir=/usr/share/fonts --strip_unrenderable_words --leading=32 --xsize=3600 --char_spacing=0.0 --exposure=0 --outputbase=/tmp/eng-2020-05-25.fhP/eng.Arial_Bold.exp0 --max_pages=0 --font=Arial Bold --ptsize 12 --text=../langdata/eng/eng.plusminustheta.training_text
Rendered page 0 to file /tmp/eng-2020-05-25.fhP/eng.Arial_Bold.exp0.tif
Rendering using Arial Bold Italic
[Mon May 25 09:09:27 UTC 2020] /usr/local/bin/text2image --fontconfig_tmpdir=/tmp/font_tmp.6LtVzrcXIB --fonts_dir=/usr/share/fonts --strip_unrenderable_words --leading=32 --xsize=3600 --char_spacing=0.0 --exposure=0 --outputbase=/tmp/eng-2020-05-25.fhP/eng.Arial_Bold_Italic.exp0 --max_pages=0 --font=Arial Bold Italic --ptsize 12 --text=../langdata/eng/eng.plusminustheta.training_text
Rendered page 1 to file /tmp/eng-2020-05-25.fhP/eng.Arial_Bold.exp0.tif
Rendering using Arial Italic
[Mon May 25 09:09:28 UTC 2020] /usr/local/bin/text2image --fontconfig_tmpdir=/tmp/font_tmp.6LtVzrcXIB --fonts_dir=/usr/share/fonts --strip_unrenderable_words --leading=32 --xsize=3600 --char_spacing=0.0 --exposure=0 --outputbase=/tmp/eng-2020-05-25.fhP/eng.Arial_Italic.exp0 --max_pages=0 --font=Arial Italic --ptsize 12 --text=../langdata/eng/eng.plusminustheta.training_text
Rendered page 0 to file /tmp/eng-2020-05-25.fhP/eng.Arial_Bold_Italic.exp0.tif
Rendered page 2 to file /tmp/eng-2020-05-25.fhP/eng.Arial_Bold.exp0.tif
Rendering using Arial
[Mon May 25 09:09:29 UTC 2020] /usr/local/bin/text2image --fontconfig_tmpdir=/tmp/font_tmp.6LtVzrcXIB --fonts_dir=/usr/share/fonts --strip_unrenderable_words --leading=32 --xsize=3600 --char_spacing=0.0 --exposure=0 --outputbase=/tmp/eng-2020-05-25.fhP/eng.Arial.exp0 --max_pages=0 --font=Arial --ptsize 12 --text=../langdata/eng/eng.plusminustheta.training_text
Rendered page 3 to file /tmp/eng-2020-05-25.fhP/eng.Arial_Bold.exp0.tif
Rendered page 1 to file /tmp/eng-2020-05-25.fhP/eng.Arial_Bold_Italic.exp0.tif
Rendered page 0 to file /tmp/eng-2020-05-25.fhP/eng.Arial_Italic.exp0.tif
Rendered page 0 to file /tmp/eng-2020-05-25.fhP/eng.Arial.exp0.tif
Rendering using Courier New Bold
[Mon May 25 09:09:30 UTC 2020] /usr/local/bin/text2image --fontconfig_tmpdir=/tmp/font_tmp.6LtVzrcXIB --fonts_dir=/usr/share/fonts --strip_unrenderable_words --leading=32 --xsize=3600 --char_spacing=0.0 --exposure=0 --outputbase=/tmp/eng-2020-05-25.fhP/eng.Courier_New_Bold.exp0 --max_pages=0 --font=Courier New Bold --ptsize 12 --text=../langdata/eng/eng.plusminustheta.training_text
Rendered page 2 to file /tmp/eng-2020-05-25.fhP/eng.Arial_Bold_Italic.exp0.tif
Rendered page 1 to file /tmp/eng-2020-05-25.fhP/eng.Arial_Italic.exp0.tif
Rendered page 1 to file /tmp/eng-2020-05-25.fhP/eng.Arial.exp0.tif
Rendering using Courier New Bold Italic
Rendered page 0 to file /tmp/eng-2020-05-25.fhP/eng.Courier_New_Bold.exp0.tif
[Mon May 25 09:09:31 UTC 2020] /usr/local/bin/text2image --fontconfig_tmpdir=/tmp/font_tmp.6LtVzrcXIB --fonts_dir=/usr/share/fonts --strip_unrenderable_words --leading=32 --xsize=3600 --char_spacing=0.0 --exposure=0 --outputbase=/tmp/eng-2020-05-25.fhP/eng.Courier_New_Bold_Italic.exp0 --max_pages=0 --font=Courier New Bold Italic --ptsize 12 --text=../langdata/eng/eng.plusminustheta.training_text
Rendered page 3 to file /tmp/eng-2020-05-25.fhP/eng.Arial_Bold_Italic.exp0.tif
Rendered page 2 to file /tmp/eng-2020-05-25.fhP/eng.Arial_Italic.exp0.tif
Rendered page 2 to file /tmp/eng-2020-05-25.fhP/eng.Arial.exp0.tif
Rendered page 0 to file /tmp/eng-2020-05-25.fhP/eng.Courier_New_Bold_Italic.exp0.tif
Rendering using Courier New Italic
Rendered page 1 to file /tmp/eng-2020-05-25.fhP/eng.Courier_New_Bold.exp0.tif
[Mon May 25 09:09:32 UTC 2020] /usr/local/bin/text2image --fontconfig_tmpdir=/tmp/font_tmp.6LtVzrcXIB --fonts_dir=/usr/share/fonts --strip_unrenderable_words --leading=32 --xsize=3600 --char_spacing=0.0 --exposure=0 --outputbase=/tmp/eng-2020-05-25.fhP/eng.Courier_New_Italic.exp0 --max_pages=0 --font=Courier New Italic --ptsize 12 --text=../langdata/eng/eng.plusminustheta.training_text
Rendered page 3 to file /tmp/eng-2020-05-25.fhP/eng.Arial.exp0.tif
Rendered page 3 to file /tmp/eng-2020-05-25.fhP/eng.Arial_Italic.exp0.tif
Rendered page 1 to file /tmp/eng-2020-05-25.fhP/eng.Courier_New_Bold_Italic.exp0.tif
Rendered page 2 to file /tmp/eng-2020-05-25.fhP/eng.Courier_New_Bold.exp0.tif
Rendering using Courier New
Rendered page 0 to file /tmp/eng-2020-05-25.fhP/eng.Courier_New_Italic.exp0.tif
[Mon May 25 09:09:33 UTC 2020] /usr/local/bin/text2image --fontconfig_tmpdir=/tmp/font_tmp.6LtVzrcXIB --fonts_dir=/usr/share/fonts --strip_unrenderable_words --leading=32 --xsize=3600 --char_spacing=0.0 --exposure=0 --outputbase=/tmp/eng-2020-05-25.fhP/eng.Courier_New.exp0 --max_pages=0 --font=Courier New --ptsize 12 --text=../langdata/eng/eng.plusminustheta.training_text
Rendered page 2 to file /tmp/eng-2020-05-25.fhP/eng.Courier_New_Bold_Italic.exp0.tif
Rendered page 3 to file /tmp/eng-2020-05-25.fhP/eng.Courier_New_Bold.exp0.tif
Rendered page 1 to file /tmp/eng-2020-05-25.fhP/eng.Courier_New_Italic.exp0.tif
Rendered page 0 to file /tmp/eng-2020-05-25.fhP/eng.Courier_New.exp0.tif
Rendering using Times New Roman, Bold
[Mon May 25 09:09:34 UTC 2020] /usr/local/bin/text2image --fontconfig_tmpdir=/tmp/font_tmp.6LtVzrcXIB --fonts_dir=/usr/share/fonts --strip_unrenderable_words --leading=32 --xsize=3600 --char_spacing=0.0 --exposure=0 --outputbase=/tmp/eng-2020-05-25.fhP/eng.Times_New_Roman_Bold.exp0 --max_pages=0 --font=Times New Roman, Bold --ptsize 12 --text=../langdata/eng/eng.plusminustheta.training_text
Rendered page 3 to file /tmp/eng-2020-05-25.fhP/eng.Courier_New_Bold_Italic.exp0.tif
Rendered page 2 to file /tmp/eng-2020-05-25.fhP/eng.Courier_New_Italic.exp0.tif
Rendered page 1 to file /tmp/eng-2020-05-25.fhP/eng.Courier_New.exp0.tif
Rendering using Times New Roman, Bold Italic
Rendered page 0 to file /tmp/eng-2020-05-25.fhP/eng.Times_New_Roman_Bold.exp0.tif
[Mon May 25 09:09:35 UTC 2020] /usr/local/bin/text2image --fontconfig_tmpdir=/tmp/font_tmp.6LtVzrcXIB --fonts_dir=/usr/share/fonts --strip_unrenderable_words --leading=32 --xsize=3600 --char_spacing=0.0 --exposure=0 --outputbase=/tmp/eng-2020-05-25.fhP/eng.Times_New_Roman_Bold_Italic.exp0 --max_pages=0 --font=Times New Roman, Bold Italic --ptsize 12 --text=../langdata/eng/eng.plusminustheta.training_text
Rendered page 3 to file /tmp/eng-2020-05-25.fhP/eng.Courier_New_Italic.exp0.tif
Rendered page 2 to file /tmp/eng-2020-05-25.fhP/eng.Courier_New.exp0.tif
Rendered page 1 to file /tmp/eng-2020-05-25.fhP/eng.Times_New_Roman_Bold.exp0.tif
Rendering using Times New Roman, Italic
Rendered page 0 to file /tmp/eng-2020-05-25.fhP/eng.Times_New_Roman_Bold_Italic.exp0.tif
[Mon May 25 09:09:36 UTC 2020] /usr/local/bin/text2image --fontconfig_tmpdir=/tmp/font_tmp.6LtVzrcXIB --fonts_dir=/usr/share/fonts --strip_unrenderable_words --leading=32 --xsize=3600 --char_spacing=0.0 --exposure=0 --outputbase=/tmp/eng-2020-05-25.fhP/eng.Times_New_Roman_Italic.exp0 --max_pages=0 --font=Times New Roman, Italic --ptsize 12 --text=../langdata/eng/eng.plusminustheta.training_text
Rendered page 3 to file /tmp/eng-2020-05-25.fhP/eng.Courier_New.exp0.tif
Rendered page 2 to file /tmp/eng-2020-05-25.fhP/eng.Times_New_Roman_Bold.exp0.tif
Rendered page 1 to file /tmp/eng-2020-05-25.fhP/eng.Times_New_Roman_Bold_Italic.exp0.tif
Rendering using Times New Roman,
Rendered page 3 to file /tmp/eng-2020-05-25.fhP/eng.Times_New_Roman_Bold.exp0.tif
[Mon May 25 09:09:37 UTC 2020] /usr/local/bin/text2image --fontconfig_tmpdir=/tmp/font_tmp.6LtVzrcXIB --fonts_dir=/usr/share/fonts --strip_unrenderable_words --leading=32 --xsize=3600 --char_spacing=0.0 --exposure=0 --outputbase=/tmp/eng-2020-05-25.fhP/eng.Times_New_Roman.exp0 --max_pages=0 --font=Times New Roman, --ptsize 12 --text=../langdata/eng/eng.plusminustheta.training_text
Rendered page 0 to file /tmp/eng-2020-05-25.fhP/eng.Times_New_Roman_Italic.exp0.tif
Rendered page 0 to file /tmp/eng-2020-05-25.fhP/eng.Times_New_Roman.exp0.tif
Rendered page 2 to file /tmp/eng-2020-05-25.fhP/eng.Times_New_Roman_Bold_Italic.exp0.tif
Rendering using Georgia Bold
[Mon May 25 09:09:39 UTC 2020] /usr/local/bin/text2image --fontconfig_tmpdir=/tmp/font_tmp.6LtVzrcXIB --fonts_dir=/usr/share/fonts --strip_unrenderable_words --leading=32 --xsize=3600 --char_spacing=0.0 --exposure=0 --outputbase=/tmp/eng-2020-05-25.fhP/eng.Georgia_Bold.exp0 --max_pages=0 --font=Georgia Bold --ptsize 12 --text=../langdata/eng/eng.plusminustheta.training_text
Rendered page 3 to file /tmp/eng-2020-05-25.fhP/eng.Times_New_Roman_Bold_Italic.exp0.tif
Rendered page 1 to file /tmp/eng-2020-05-25.fhP/eng.Times_New_Roman_Italic.exp0.tif
Rendered page 1 to file /tmp/eng-2020-05-25.fhP/eng.Times_New_Roman.exp0.tif
Rendering using Georgia Italic
[Mon May 25 09:09:40 UTC 2020] /usr/local/bin/text2image --fontconfig_tmpdir=/tmp/font_tmp.6LtVzrcXIB --fonts_dir=/usr/share/fonts --strip_unrenderable_words --leading=32 --xsize=3600 --char_spacing=0.0 --exposure=0 --outputbase=/tmp/eng-2020-05-25.fhP/eng.Georgia_Italic.exp0 --max_pages=0 --font=Georgia Italic --ptsize 12 --text=../langdata/eng/eng.plusminustheta.training_text
Rendered page 0 to file /tmp/eng-2020-05-25.fhP/eng.Georgia_Bold.exp0.tif
Rendered page 2 to file /tmp/eng-2020-05-25.fhP/eng.Times_New_Roman_Italic.exp0.tif
Rendered page 2 to file /tmp/eng-2020-05-25.fhP/eng.Times_New_Roman.exp0.tif
Rendered page 1 to file /tmp/eng-2020-05-25.fhP/eng.Georgia_Bold.exp0.tif
Rendering using Georgia
[Mon May 25 09:09:41 UTC 2020] /usr/local/bin/text2image --fontconfig_tmpdir=/tmp/font_tmp.6LtVzrcXIB --fonts_dir=/usr/share/fonts --strip_unrenderable_words --leading=32 --xsize=3600 --char_spacing=0.0 --exposure=0 --outputbase=/tmp/eng-2020-05-25.fhP/eng.Georgia.exp0 --max_pages=0 --font=Georgia --ptsize 12 --text=../langdata/eng/eng.plusminustheta.training_text
Rendered page 3 to file /tmp/eng-2020-05-25.fhP/eng.Times_New_Roman_Italic.exp0.tif
Rendered page 3 to file /tmp/eng-2020-05-25.fhP/eng.Times_New_Roman.exp0.tif
Rendered page 0 to file /tmp/eng-2020-05-25.fhP/eng.Georgia_Italic.exp0.tif
Rendered page 2 to file /tmp/eng-2020-05-25.fhP/eng.Georgia_Bold.exp0.tif
Rendering using Georgia Bold Italic
Rendered page 0 to file /tmp/eng-2020-05-25.fhP/eng.Georgia.exp0.tif
[Mon May 25 09:09:42 UTC 2020] /usr/local/bin/text2image --fontconfig_tmpdir=/tmp/font_tmp.6LtVzrcXIB --fonts_dir=/usr/share/fonts --strip_unrenderable_words --leading=32 --xsize=3600 --char_spacing=0.0 --exposure=0 --outputbase=/tmp/eng-2020-05-25.fhP/eng.Georgia_Bold_Italic.exp0 --max_pages=0 --font=Georgia Bold Italic --ptsize 12 --text=../langdata/eng/eng.plusminustheta.training_text
Rendered page 1 to file /tmp/eng-2020-05-25.fhP/eng.Georgia_Italic.exp0.tif
Rendered page 3 to file /tmp/eng-2020-05-25.fhP/eng.Georgia_Bold.exp0.tif
Rendered page 1 to file /tmp/eng-2020-05-25.fhP/eng.Georgia.exp0.tif
Rendered page 2 to file /tmp/eng-2020-05-25.fhP/eng.Georgia_Italic.exp0.tif
Rendered page 0 to file /tmp/eng-2020-05-25.fhP/eng.Georgia_Bold_Italic.exp0.tif
Rendering using Trebuchet MS Bold
[Mon May 25 09:09:43 UTC 2020] /usr/local/bin/text2image --fontconfig_tmpdir=/tmp/font_tmp.6LtVzrcXIB --fonts_dir=/usr/share/fonts --strip_unrenderable_words --leading=32 --xsize=3600 --char_spacing=0.0 --exposure=0 --outputbase=/tmp/eng-2020-05-25.fhP/eng.Trebuchet_MS_Bold.exp0 --max_pages=0 --font=Trebuchet MS Bold --ptsize 12 --text=../langdata/eng/eng.plusminustheta.training_text
Rendered page 2 to file /tmp/eng-2020-05-25.fhP/eng.Georgia.exp0.tif
Rendered page 3 to file /tmp/eng-2020-05-25.fhP/eng.Georgia_Italic.exp0.tif
Rendered page 1 to file /tmp/eng-2020-05-25.fhP/eng.Georgia_Bold_Italic.exp0.tif
Rendering using Trebuchet MS Bold Italic
[Mon May 25 09:09:44 UTC 2020] /usr/local/bin/text2image --fontconfig_tmpdir=/tmp/font_tmp.6LtVzrcXIB --fonts_dir=/usr/share/fonts --strip_unrenderable_words --leading=32 --xsize=3600 --char_spacing=0.0 --exposure=0 --outputbase=/tmp/eng-2020-05-25.fhP/eng.Trebuchet_MS_Bold_Italic.exp0 --max_pages=0 --font=Trebuchet MS Bold Italic --ptsize 12 --text=../langdata/eng/eng.plusminustheta.training_text
Rendered page 3 to file /tmp/eng-2020-05-25.fhP/eng.Georgia.exp0.tif
Rendered page 0 to file /tmp/eng-2020-05-25.fhP/eng.Trebuchet_MS_Bold.exp0.tif
Rendering using Trebuchet MS Italic
Rendered page 0 to file /tmp/eng-2020-05-25.fhP/eng.Trebuchet_MS_Bold_Italic.exp0.tif
Rendered page 1 to file /tmp/eng-2020-05-25.fhP/eng.Trebuchet_MS_Bold.exp0.tif
[Mon May 25 09:09:45 UTC 2020] /usr/local/bin/text2image --fontconfig_tmpdir=/tmp/font_tmp.6LtVzrcXIB --fonts_dir=/usr/share/fonts --strip_unrenderable_words --leading=32 --xsize=3600 --char_spacing=0.0 --exposure=0 --outputbase=/tmp/eng-2020-05-25.fhP/eng.Trebuchet_MS_Italic.exp0 --max_pages=0 --font=Trebuchet MS Italic --ptsize 12 --text=../langdata/eng/eng.plusminustheta.training_text
Rendered page 2 to file /tmp/eng-2020-05-25.fhP/eng.Georgia_Bold_Italic.exp0.tif
Rendered page 1 to file /tmp/eng-2020-05-25.fhP/eng.Trebuchet_MS_Bold_Italic.exp0.tif
Rendered page 2 to file /tmp/eng-2020-05-25.fhP/eng.Trebuchet_MS_Bold.exp0.tif
Rendering using Trebuchet MS
[Mon May 25 09:09:46 UTC 2020] /usr/local/bin/text2image --fontconfig_tmpdir=/tmp/font_tmp.6LtVzrcXIB --fonts_dir=/usr/share/fonts --strip_unrenderable_words --leading=32 --xsize=3600 --char_spacing=0.0 --exposure=0 --outputbase=/tmp/eng-2020-05-25.fhP/eng.Trebuchet_MS.exp0 --max_pages=0 --font=Trebuchet MS --ptsize 12 --text=../langdata/eng/eng.plusminustheta.training_text
Rendered page 0 to file /tmp/eng-2020-05-25.fhP/eng.Trebuchet_MS_Italic.exp0.tif
Rendered page 3 to file /tmp/eng-2020-05-25.fhP/eng.Georgia_Bold_Italic.exp0.tif
Rendered page 2 to file /tmp/eng-2020-05-25.fhP/eng.Trebuchet_MS_Bold_Italic.exp0.tif
Rendered page 3 to file /tmp/eng-2020-05-25.fhP/eng.Trebuchet_MS_Bold.exp0.tif
Rendered page 1 to file /tmp/eng-2020-05-25.fhP/eng.Trebuchet_MS_Italic.exp0.tif
Rendering using Verdana Bold
Rendered page 0 to file /tmp/eng-2020-05-25.fhP/eng.Trebuchet_MS.exp0.tif
[Mon May 25 09:09:47 UTC 2020] /usr/local/bin/text2image --fontconfig_tmpdir=/tmp/font_tmp.6LtVzrcXIB --fonts_dir=/usr/share/fonts --strip_unrenderable_words --leading=32 --xsize=3600 --char_spacing=0.0 --exposure=0 --outputbase=/tmp/eng-2020-05-25.fhP/eng.Verdana_Bold.exp0 --max_pages=0 --font=Verdana Bold --ptsize 12 --text=../langdata/eng/eng.plusminustheta.training_text
Rendered page 3 to file /tmp/eng-2020-05-25.fhP/eng.Trebuchet_MS_Bold_Italic.exp0.tif
Rendered page 2 to file /tmp/eng-2020-05-25.fhP/eng.Trebuchet_MS_Italic.exp0.tif
Rendered page 1 to file /tmp/eng-2020-05-25.fhP/eng.Trebuchet_MS.exp0.tif
Rendered page 0 to file /tmp/eng-2020-05-25.fhP/eng.Verdana_Bold.exp0.tif
Rendering using Verdana Italic
[Mon May 25 09:09:48 UTC 2020] /usr/local/bin/text2image --fontconfig_tmpdir=/tmp/font_tmp.6LtVzrcXIB --fonts_dir=/usr/share/fonts --strip_unrenderable_words --leading=32 --xsize=3600 --char_spacing=0.0 --exposure=0 --outputbase=/tmp/eng-2020-05-25.fhP/eng.Verdana_Italic.exp0 --max_pages=0 --font=Verdana Italic --ptsize 12 --text=../langdata/eng/eng.plusminustheta.training_text
Rendered page 3 to file /tmp/eng-2020-05-25.fhP/eng.Trebuchet_MS_Italic.exp0.tif
Rendered page 2 to file /tmp/eng-2020-05-25.fhP/eng.Trebuchet_MS.exp0.tif
Rendered page 1 to file /tmp/eng-2020-05-25.fhP/eng.Verdana_Bold.exp0.tif
Rendering using Verdana
[Mon May 25 09:09:49 UTC 2020] /usr/local/bin/text2image --fontconfig_tmpdir=/tmp/font_tmp.6LtVzrcXIB --fonts_dir=/usr/share/fonts --strip_unrenderable_words --leading=32 --xsize=3600 --char_spacing=0.0 --exposure=0 --outputbase=/tmp/eng-2020-05-25.fhP/eng.Verdana.exp0 --max_pages=0 --font=Verdana --ptsize 12 --text=../langdata/eng/eng.plusminustheta.training_text
Rendered page 0 to file /tmp/eng-2020-05-25.fhP/eng.Verdana_Italic.exp0.tif
Rendered page 0 to file /tmp/eng-2020-05-25.fhP/eng.Verdana.exp0.tif
Rendering using Verdana Bold Italic
[Mon May 25 09:09:50 UTC 2020] /usr/local/bin/text2image --fontconfig_tmpdir=/tmp/font_tmp.6LtVzrcXIB --fonts_dir=/usr/share/fonts --strip_unrenderable_words --leading=32 --xsize=3600 --char_spacing=0.0 --exposure=0 --outputbase=/tmp/eng-2020-05-25.fhP/eng.Verdana_Bold_Italic.exp0 --max_pages=0 --font=Verdana Bold Italic --ptsize 12 --text=../langdata/eng/eng.plusminustheta.training_text
Rendered page 3 to file /tmp/eng-2020-05-25.fhP/eng.Trebuchet_MS.exp0.tif
Rendered page 2 to file /tmp/eng-2020-05-25.fhP/eng.Verdana_Bold.exp0.tif
Rendered page 1 to file /tmp/eng-2020-05-25.fhP/eng.Verdana_Italic.exp0.tif
Rendered page 1 to file /tmp/eng-2020-05-25.fhP/eng.Verdana.exp0.tif
Rendered page 3 to file /tmp/eng-2020-05-25.fhP/eng.Verdana_Bold.exp0.tif
Rendering using DejaVu Sans Ultra-Light
Rendered page 2 to file /tmp/eng-2020-05-25.fhP/eng.Verdana_Italic.exp0.tif
[Mon May 25 09:09:51 UTC 2020] /usr/local/bin/text2image --fontconfig_tmpdir=/tmp/font_tmp.6LtVzrcXIB --fonts_dir=/usr/share/fonts --strip_unrenderable_words --leading=32 --xsize=3600 --char_spacing=0.0 --exposure=0 --outputbase=/tmp/eng-2020-05-25.fhP/eng.DejaVu_Sans_Ultra-Light.exp0 --max_pages=0 --font=DejaVu Sans Ultra-Light --ptsize 12 --text=../langdata/eng/eng.plusminustheta.training_text
Stripped 2 unrenderable words
Rendered page 0 to file /tmp/eng-2020-05-25.fhP/eng.Verdana_Bold_Italic.exp0.tif
Rendered page 2 to file /tmp/eng-2020-05-25.fhP/eng.Verdana.exp0.tif
Rendered page 3 to file /tmp/eng-2020-05-25.fhP/eng.Verdana_Italic.exp0.tif
Rendered page 3 to file /tmp/eng-2020-05-25.fhP/eng.Verdana.exp0.tif
Rendered page 0 to file /tmp/eng-2020-05-25.fhP/eng.DejaVu_Sans_Ultra-Light.exp0.tif
Rendered page 1 to file /tmp/eng-2020-05-25.fhP/eng.Verdana_Bold_Italic.exp0.tif
Rendered page 1 to file /tmp/eng-2020-05-25.fhP/eng.DejaVu_Sans_Ultra-Light.exp0.tif
Stripped 2 unrenderable words
Rendered page 2 to file /tmp/eng-2020-05-25.fhP/eng.Verdana_Bold_Italic.exp0.tif
Rendered page 2 to file /tmp/eng-2020-05-25.fhP/eng.DejaVu_Sans_Ultra-Light.exp0.tif
Rendered page 3 to file /tmp/eng-2020-05-25.fhP/eng.Verdana_Bold_Italic.exp0.tif
Rendered page 3 to file /tmp/eng-2020-05-25.fhP/eng.DejaVu_Sans_Ultra-Light.exp0.tif

=== Phase UP: Generating unicharset and unichar properties files ===
[Mon May 25 09:09:55 UTC 2020] /usr/local/bin/unicharset_extractor --output_unicharset /tmp/eng-2020-05-25.fhP/eng.unicharset --norm_mode 1 /tmp/eng-2020-05-25.fhP/eng.Arial_Bold.exp0.box /tmp/eng-2020-05-25.fhP/eng.Arial_Bold_Italic.exp0.box /tmp/eng-2020-05-25.fhP/eng.Arial.exp0.box /tmp/eng-2020-05-25.fhP/eng.Arial_Italic.exp0.box /tmp/eng-2020-05-25.fhP/eng.Courier_New_Bold.exp0.box /tmp/eng-2020-05-25.fhP/eng.Courier_New_Bold_Italic.exp0.box /tmp/eng-2020-05-25.fhP/eng.Courier_New.exp0.box /tmp/eng-2020-05-25.fhP/eng.Courier_New_Italic.exp0.box /tmp/eng-2020-05-25.fhP/eng.DejaVu_Sans_Ultra-Light.exp0.box /tmp/eng-2020-05-25.fhP/eng.Georgia_Bold.exp0.box /tmp/eng-2020-05-25.fhP/eng.Georgia_Bold_Italic.exp0.box /tmp/eng-2020-05-25.fhP/eng.Georgia.exp0.box /tmp/eng-2020-05-25.fhP/eng.Georgia_Italic.exp0.box /tmp/eng-2020-05-25.fhP/eng.Times_New_Roman_Bold.exp0.box /tmp/eng-2020-05-25.fhP/eng.Times_New_Roman_Bold_Italic.exp0.box /tmp/eng-2020-05-25.fhP/eng.Times_New_Roman.exp0.box /tmp/eng-2020-05-25.fhP/eng.Times_New_Roman_Italic.exp0.box /tmp/eng-2020-05-25.fhP/eng.Trebuchet_MS_Bold.exp0.box /tmp/eng-2020-05-25.fhP/eng.Trebuchet_MS_Bold_Italic.exp0.box /tmp/eng-2020-05-25.fhP/eng.Trebuchet_MS.exp0.box /tmp/eng-2020-05-25.fhP/eng.Trebuchet_MS_Italic.exp0.box /tmp/eng-2020-05-25.fhP/eng.Verdana_Bold.exp0.box /tmp/eng-2020-05-25.fhP/eng.Verdana_Bold_Italic.exp0.box /tmp/eng-2020-05-25.fhP/eng.Verdana.exp0.box /tmp/eng-2020-05-25.fhP/eng.Verdana_Italic.exp0.box
Extracting unicharset from box file /tmp/eng-2020-05-25.fhP/eng.Arial_Bold.exp0.box
Extracting unicharset from box file /tmp/eng-2020-05-25.fhP/eng.Arial_Bold_Italic.exp0.box
Extracting unicharset from box file /tmp/eng-2020-05-25.fhP/eng.Arial.exp0.box
Extracting unicharset from box file /tmp/eng-2020-05-25.fhP/eng.Arial_Italic.exp0.box
Extracting unicharset from box file /tmp/eng-2020-05-25.fhP/eng.Courier_New_Bold.exp0.box
Extracting unicharset from box file /tmp/eng-2020-05-25.fhP/eng.Courier_New_Bold_Italic.exp0.box
Extracting unicharset from box file /tmp/eng-2020-05-25.fhP/eng.Courier_New.exp0.box
Extracting unicharset from box file /tmp/eng-2020-05-25.fhP/eng.Courier_New_Italic.exp0.box
Extracting unicharset from box file /tmp/eng-2020-05-25.fhP/eng.DejaVu_Sans_Ultra-Light.exp0.box
Extracting unicharset from box file /tmp/eng-2020-05-25.fhP/eng.Georgia_Bold.exp0.box
Extracting unicharset from box file /tmp/eng-2020-05-25.fhP/eng.Georgia_Bold_Italic.exp0.box
Extracting unicharset from box file /tmp/eng-2020-05-25.fhP/eng.Georgia.exp0.box
Extracting unicharset from box file /tmp/eng-2020-05-25.fhP/eng.Georgia_Italic.exp0.box
Extracting unicharset from box file /tmp/eng-2020-05-25.fhP/eng.Times_New_Roman_Bold.exp0.box
Extracting unicharset from box file /tmp/eng-2020-05-25.fhP/eng.Times_New_Roman_Bold_Italic.exp0.box
Extracting unicharset from box file /tmp/eng-2020-05-25.fhP/eng.Times_New_Roman.exp0.box
Extracting unicharset from box file /tmp/eng-2020-05-25.fhP/eng.Times_New_Roman_Italic.exp0.box
Extracting unicharset from box file /tmp/eng-2020-05-25.fhP/eng.Trebuchet_MS_Bold.exp0.box
Extracting unicharset from box file /tmp/eng-2020-05-25.fhP/eng.Trebuchet_MS_Bold_Italic.exp0.box
Extracting unicharset from box file /tmp/eng-2020-05-25.fhP/eng.Trebuchet_MS.exp0.box
Extracting unicharset from box file /tmp/eng-2020-05-25.fhP/eng.Trebuchet_MS_Italic.exp0.box
Extracting unicharset from box file /tmp/eng-2020-05-25.fhP/eng.Verdana_Bold.exp0.box
Extracting unicharset from box file /tmp/eng-2020-05-25.fhP/eng.Verdana_Bold_Italic.exp0.box
Extracting unicharset from box file /tmp/eng-2020-05-25.fhP/eng.Verdana.exp0.box
Extracting unicharset from box file /tmp/eng-2020-05-25.fhP/eng.Verdana_Italic.exp0.box
Other case É of é is not in unicharset
Wrote unicharset file /tmp/eng-2020-05-25.fhP/eng.unicharset
[Mon May 25 09:09:58 UTC 2020] /usr/local/bin/set_unicharset_properties -U /tmp/eng-2020-05-25.fhP/eng.unicharset -O /tmp/eng-2020-05-25.fhP/eng.unicharset -X /tmp/eng-2020-05-25.fhP/eng.xheights --script_dir=../langdata
Loaded unicharset of size 114 from file /tmp/eng-2020-05-25.fhP/eng.unicharset
Setting unichar properties
Other case É of é is not in unicharset
Setting script properties
Warning: properties incomplete for index 102 = ~
Writing unicharset to file /tmp/eng-2020-05-25.fhP/eng.unicharset

=== Phase E: Generating lstmf files ===
Using TESSDATA_PREFIX=./tessdata
[Mon May 25 09:09:58 UTC 2020] /usr/local/bin/tesseract /tmp/eng-2020-05-25.fhP/eng.Arial_Bold.exp0.tif /tmp/eng-2020-05-25.fhP/eng.Arial_Bold.exp0 --psm 6 lstm.train
[Mon May 25 09:09:58 UTC 2020] /usr/local/bin/tesseract /tmp/eng-2020-05-25.fhP/eng.Arial_Bold_Italic.exp0.tif /tmp/eng-2020-05-25.fhP/eng.Arial_Bold_Italic.exp0 --psm 6 lstm.train
[Mon May 25 09:09:58 UTC 2020] /usr/local/bin/tesseract /tmp/eng-2020-05-25.fhP/eng.Arial.exp0.tif /tmp/eng-2020-05-25.fhP/eng.Arial.exp0 --psm 6 lstm.train
[Mon May 25 09:09:58 UTC 2020] /usr/local/bin/tesseract /tmp/eng-2020-05-25.fhP/eng.Courier_New_Bold.exp0.tif /tmp/eng-2020-05-25.fhP/eng.Courier_New_Bold.exp0 --psm 6 lstm.train
[Mon May 25 09:09:58 UTC 2020] /usr/local/bin/tesseract /tmp/eng-2020-05-25.fhP/eng.Arial_Italic.exp0.tif /tmp/eng-2020-05-25.fhP/eng.Arial_Italic.exp0 --psm 6 lstm.train
[Mon May 25 09:09:58 UTC 2020] /usr/local/bin/tesseract /tmp/eng-2020-05-25.fhP/eng.Courier_New_Bold_Italic.exp0.tif /tmp/eng-2020-05-25.fhP/eng.Courier_New_Bold_Italic.exp0 --psm 6 lstm.train
[Mon May 25 09:09:58 UTC 2020] /usr/local/bin/tesseract /tmp/eng-2020-05-25.fhP/eng.Courier_New.exp0.tif /tmp/eng-2020-05-25.fhP/eng.Courier_New.exp0 --psm 6 lstm.train
[Mon May 25 09:09:58 UTC 2020] /usr/local/bin/tesseract /tmp/eng-2020-05-25.fhP/eng.Courier_New_Italic.exp0.tif /tmp/eng-2020-05-25.fhP/eng.Courier_New_Italic.exp0 --psm 6 lstm.train
Tesseract Open Source OCR Engine v5.0.0-alpha-595-gccb9 with Leptonica
Tesseract Open Source OCR Engine v5.0.0-alpha-595-gccb9 with Leptonica
Tesseract Open Source OCR Engine v5.0.0-alpha-595-gccb9 with Leptonica
Tesseract Open Source OCR Engine v5.0.0-alpha-595-gccb9 with Leptonica
Tesseract Open Source OCR Engine v5.0.0-alpha-595-gccb9 with Leptonica
Tesseract Open Source OCR Engine v5.0.0-alpha-595-gccb9 with Leptonica
Page 1
Tesseract Open Source OCR Engine v5.0.0-alpha-595-gccb9 with Leptonica
Tesseract Open Source OCR Engine v5.0.0-alpha-595-gccb9 with Leptonica
Page 1
Page 1
Page 1
Page 1
Page 1
Page 1
Page 1
Page 2
Page 2
Page 2
Page 2
Page 2
Page 2
Page 2
Page 2
Loaded 52/52 lines (1-52) of document /tmp/eng-2020-05-25.fhP/eng.Arial_Bold.exp0.lstmf
Loaded 51/51 lines (1-51) of document /tmp/eng-2020-05-25.fhP/eng.Courier_New.exp0.lstmf
Loaded 52/52 lines (1-52) of document /tmp/eng-2020-05-25.fhP/eng.Arial.exp0.lstmf
Loaded 52/52 lines (1-52) of document /tmp/eng-2020-05-25.fhP/eng.Arial_Italic.exp0.lstmf
Loaded 51/51 lines (1-51) of document /tmp/eng-2020-05-25.fhP/eng.Courier_New_Italic.exp0.lstmf
Page 3
Loaded 51/51 lines (1-51) of document /tmp/eng-2020-05-25.fhP/eng.Courier_New_Bold.exp0.lstmf
Page 3
Page 3
Loaded 52/52 lines (1-52) of document /tmp/eng-2020-05-25.fhP/eng.Arial_Bold_Italic.exp0.lstmf
Page 3
Loaded 51/51 lines (1-51) of document /tmp/eng-2020-05-25.fhP/eng.Courier_New_Bold_Italic.exp0.lstmf
Page 3
Loaded 104/104 lines (1-104) of document /tmp/eng-2020-05-25.fhP/eng.Arial_Bold.exp0.lstmf
Page 3
Loaded 104/104 lines (1-104) of document /tmp/eng-2020-05-25.fhP/eng.Arial.exp0.lstmf
Loaded 102/102 lines (1-102) of document /tmp/eng-2020-05-25.fhP/eng.Courier_New.exp0.lstmf
Page 3
Page 4
Page 3
Page 4
Loaded 102/102 lines (1-102) of document /tmp/eng-2020-05-25.fhP/eng.Courier_New_Italic.exp0.lstmf
Page 4
Loaded 104/104 lines (1-104) of document /tmp/eng-2020-05-25.fhP/eng.Arial_Italic.exp0.lstmf
Loaded 156/156 lines (1-156) of document /tmp/eng-2020-05-25.fhP/eng.Arial_Bold.exp0.lstmf
Loaded 104/104 lines (1-104) of document /tmp/eng-2020-05-25.fhP/eng.Arial_Bold_Italic.exp0.lstmf
Loaded 156/156 lines (1-156) of document /tmp/eng-2020-05-25.fhP/eng.Arial.exp0.lstmf
Loaded 102/102 lines (1-102) of document /tmp/eng-2020-05-25.fhP/eng.Courier_New_Bold.exp0.lstmf
Loaded 153/153 lines (1-153) of document /tmp/eng-2020-05-25.fhP/eng.Courier_New.exp0.lstmf
[Mon May 25 09:10:03 UTC 2020] /usr/local/bin/tesseract /tmp/eng-2020-05-25.fhP/eng.DejaVu_Sans_Ultra-Light.exp0.tif /tmp/eng-2020-05-25.fhP/eng.DejaVu_Sans_Ultra-Light.exp0 --psm 6 lstm.train
Loaded 102/102 lines (1-102) of document /tmp/eng-2020-05-25.fhP/eng.Courier_New_Bold_Italic.exp0.lstmf
Tesseract Open Source OCR Engine v5.0.0-alpha-595-gccb9 with Leptonica
Page 1
[Mon May 25 09:10:03 UTC 2020] /usr/local/bin/tesseract /tmp/eng-2020-05-25.fhP/eng.Georgia_Bold.exp0.tif /tmp/eng-2020-05-25.fhP/eng.Georgia_Bold.exp0 --psm 6 lstm.train
Page 4
Page 4
Tesseract Open Source OCR Engine v5.0.0-alpha-595-gccb9 with Leptonica
Page 1
Page 4
[Mon May 25 09:10:04 UTC 2020] /usr/local/bin/tesseract /tmp/eng-2020-05-25.fhP/eng.Georgia_Bold_Italic.exp0.tif /tmp/eng-2020-05-25.fhP/eng.Georgia_Bold_Italic.exp0 --psm 6 lstm.train
Tesseract Open Source OCR Engine v5.0.0-alpha-595-gccb9 with Leptonica
Page 1
Page 4
Loaded 153/153 lines (1-153) of document /tmp/eng-2020-05-25.fhP/eng.Courier_New_Italic.exp0.lstmf
Page 4
Loaded 156/156 lines (1-156) of document /tmp/eng-2020-05-25.fhP/eng.Arial_Italic.exp0.lstmf
[Mon May 25 09:10:04 UTC 2020] /usr/local/bin/tesseract /tmp/eng-2020-05-25.fhP/eng.Georgia.exp0.tif /tmp/eng-2020-05-25.fhP/eng.Georgia.exp0 --psm 6 lstm.train
[Mon May 25 09:10:04 UTC 2020] /usr/local/bin/tesseract /tmp/eng-2020-05-25.fhP/eng.Georgia_Italic.exp0.tif /tmp/eng-2020-05-25.fhP/eng.Georgia_Italic.exp0 --psm 6 lstm.train
Loaded 156/156 lines (1-156) of document /tmp/eng-2020-05-25.fhP/eng.Arial_Bold_Italic.exp0.lstmf
Tesseract Open Source OCR Engine v5.0.0-alpha-595-gccb9 with Leptonica
Page 1
Tesseract Open Source OCR Engine v5.0.0-alpha-595-gccb9 with Leptonica
Page 1
Loaded 153/153 lines (1-153) of document /tmp/eng-2020-05-25.fhP/eng.Courier_New_Bold_Italic.exp0.lstmf
Loaded 153/153 lines (1-153) of document /tmp/eng-2020-05-25.fhP/eng.Courier_New_Bold.exp0.lstmf
[Mon May 25 09:10:05 UTC 2020] /usr/local/bin/tesseract /tmp/eng-2020-05-25.fhP/eng.Times_New_Roman_Bold.exp0.tif /tmp/eng-2020-05-25.fhP/eng.Times_New_Roman_Bold.exp0 --psm 6 lstm.train
[Mon May 25 09:10:05 UTC 2020] /usr/local/bin/tesseract /tmp/eng-2020-05-25.fhP/eng.Times_New_Roman.exp0.tif /tmp/eng-2020-05-25.fhP/eng.Times_New_Roman.exp0 --psm 6 lstm.train
Tesseract Open Source OCR Engine v5.0.0-alpha-595-gccb9 with Leptonica
Page 1
[Mon May 25 09:10:05 UTC 2020] /usr/local/bin/tesseract /tmp/eng-2020-05-25.fhP/eng.Times_New_Roman_Bold_Italic.exp0.tif /tmp/eng-2020-05-25.fhP/eng.Times_New_Roman_Bold_Italic.exp0 --psm 6 lstm.train
Tesseract Open Source OCR Engine v5.0.0-alpha-595-gccb9 with Leptonica
Page 1
Tesseract Open Source OCR Engine v5.0.0-alpha-595-gccb9 with Leptonica
Page 1
Page 2
Page 2
Page 2
Page 2
Loaded 51/51 lines (1-51) of document /tmp/eng-2020-05-25.fhP/eng.DejaVu_Sans_Ultra-Light.exp0.lstmf
Page 2
Page 2
Loaded 52/52 lines (1-52) of document /tmp/eng-2020-05-25.fhP/eng.Georgia_Bold.exp0.lstmf
Page 3
Page 2
Loaded 52/52 lines (1-52) of document /tmp/eng-2020-05-25.fhP/eng.Times_New_Roman_Bold.exp0.lstmf
Page 3
Loaded 52/52 lines (1-52) of document /tmp/eng-2020-05-25.fhP/eng.Georgia_Bold_Italic.exp0.lstmf
Page 2
Loaded 52/52 lines (1-52) of document /tmp/eng-2020-05-25.fhP/eng.Georgia.exp0.lstmf
Page 3
Loaded 52/52 lines (1-52) of document /tmp/eng-2020-05-25.fhP/eng.Georgia_Italic.exp0.lstmf
Page 3
Loaded 104/104 lines (1-104) of document /tmp/eng-2020-05-25.fhP/eng.Georgia_Bold.exp0.lstmf
Loaded 102/102 lines (1-102) of document /tmp/eng-2020-05-25.fhP/eng.DejaVu_Sans_Ultra-Light.exp0.lstmf
Loaded 52/52 lines (1-52) of document /tmp/eng-2020-05-25.fhP/eng.Times_New_Roman.exp0.lstmf
Page 3
Loaded 104/104 lines (1-104) of document /tmp/eng-2020-05-25.fhP/eng.Times_New_Roman_Bold.exp0.lstmf
Page 3
Loaded 52/52 lines (1-52) of document /tmp/eng-2020-05-25.fhP/eng.Times_New_Roman_Bold_Italic.exp0.lstmf
Page 3
Page 4
Page 4
Page 4
Loaded 104/104 lines (1-104) of document /tmp/eng-2020-05-25.fhP/eng.Georgia.exp0.lstmf
Loaded 104/104 lines (1-104) of document /tmp/eng-2020-05-25.fhP/eng.Georgia_Bold_Italic.exp0.lstmf
Loaded 153/153 lines (1-153) of document /tmp/eng-2020-05-25.fhP/eng.DejaVu_Sans_Ultra-Light.exp0.lstmf
Loaded 104/104 lines (1-104) of document /tmp/eng-2020-05-25.fhP/eng.Georgia_Italic.exp0.lstmf
Loaded 156/156 lines (1-156) of document /tmp/eng-2020-05-25.fhP/eng.Georgia_Bold.exp0.lstmf
Page 3
Loaded 156/156 lines (1-156) of document /tmp/eng-2020-05-25.fhP/eng.Times_New_Roman_Bold.exp0.lstmf
[Mon May 25 09:10:09 UTC 2020] /usr/local/bin/tesseract /tmp/eng-2020-05-25.fhP/eng.Times_New_Roman_Italic.exp0.tif /tmp/eng-2020-05-25.fhP/eng.Times_New_Roman_Italic.exp0 --psm 6 lstm.train
Tesseract Open Source OCR Engine v5.0.0-alpha-595-gccb9 with Leptonica
Page 1
Loaded 104/104 lines (1-104) of document /tmp/eng-2020-05-25.fhP/eng.Times_New_Roman.exp0.lstmf
[Mon May 25 09:10:09 UTC 2020] /usr/local/bin/tesseract /tmp/eng-2020-05-25.fhP/eng.Trebuchet_MS_Bold.exp0.tif /tmp/eng-2020-05-25.fhP/eng.Trebuchet_MS_Bold.exp0 --psm 6 lstm.train
Page 4
Page 4
[Mon May 25 09:10:09 UTC 2020] /usr/local/bin/tesseract /tmp/eng-2020-05-25.fhP/eng.Trebuchet_MS_Bold_Italic.exp0.tif /tmp/eng-2020-05-25.fhP/eng.Trebuchet_MS_Bold_Italic.exp0 --psm 6 lstm.train
Tesseract Open Source OCR Engine v5.0.0-alpha-595-gccb9 with Leptonica
[Mon May 25 09:10:09 UTC 2020] /usr/local/bin/tesseract /tmp/eng-2020-05-25.fhP/eng.Trebuchet_MS.exp0.tif /tmp/eng-2020-05-25.fhP/eng.Trebuchet_MS.exp0 --psm 6 lstm.train
Page 1
Tesseract Open Source OCR Engine v5.0.0-alpha-595-gccb9 with Leptonica
Page 4
Tesseract Open Source OCR Engine v5.0.0-alpha-595-gccb9 with Leptonica
Page 1
Page 1
Page 4
Loaded 156/156 lines (1-156) of document /tmp/eng-2020-05-25.fhP/eng.Georgia.exp0.lstmf
Loaded 156/156 lines (1-156) of document /tmp/eng-2020-05-25.fhP/eng.Georgia_Bold_Italic.exp0.lstmf
Loaded 156/156 lines (1-156) of document /tmp/eng-2020-05-25.fhP/eng.Georgia_Italic.exp0.lstmf
Loaded 104/104 lines (1-104) of document /tmp/eng-2020-05-25.fhP/eng.Times_New_Roman_Bold_Italic.exp0.lstmf
Loaded 156/156 lines (1-156) of document /tmp/eng-2020-05-25.fhP/eng.Times_New_Roman.exp0.lstmf
[Mon May 25 09:10:10 UTC 2020] /usr/local/bin/tesseract /tmp/eng-2020-05-25.fhP/eng.Trebuchet_MS_Italic.exp0.tif /tmp/eng-2020-05-25.fhP/eng.Trebuchet_MS_Italic.exp0 --psm 6 lstm.train
[Mon May 25 09:10:10 UTC 2020] /usr/local/bin/tesseract /tmp/eng-2020-05-25.fhP/eng.Verdana_Bold.exp0.tif /tmp/eng-2020-05-25.fhP/eng.Verdana_Bold.exp0 --psm 6 lstm.train
Tesseract Open Source OCR Engine v5.0.0-alpha-595-gccb9 with Leptonica
Page 1
Tesseract Open Source OCR Engine v5.0.0-alpha-595-gccb9 with Leptonica
Page 1
[Mon May 25 09:10:10 UTC 2020] /usr/local/bin/tesseract /tmp/eng-2020-05-25.fhP/eng.Verdana_Bold_Italic.exp0.tif /tmp/eng-2020-05-25.fhP/eng.Verdana_Bold_Italic.exp0 --psm 6 lstm.train
[Mon May 25 09:10:10 UTC 2020] /usr/local/bin/tesseract /tmp/eng-2020-05-25.fhP/eng.Verdana.exp0.tif /tmp/eng-2020-05-25.fhP/eng.Verdana.exp0 --psm 6 lstm.train
Tesseract Open Source OCR Engine v5.0.0-alpha-595-gccb9 with Leptonica
Tesseract Open Source OCR Engine v5.0.0-alpha-595-gccb9 with Leptonica
Page 1
Page 4
Page 1
Page 2
Page 2
Page 2
Page 2
Loaded 156/156 lines (1-156) of document /tmp/eng-2020-05-25.fhP/eng.Times_New_Roman_Bold_Italic.exp0.lstmf
Loaded 51/51 lines (1-51) of document /tmp/eng-2020-05-25.fhP/eng.Trebuchet_MS.exp0.lstmf
Loaded 51/51 lines (1-51) of document /tmp/eng-2020-05-25.fhP/eng.Trebuchet_MS_Bold.exp0.lstmf
[Mon May 25 09:10:11 UTC 2020] /usr/local/bin/tesseract /tmp/eng-2020-05-25.fhP/eng.Verdana_Italic.exp0.tif /tmp/eng-2020-05-25.fhP/eng.Verdana_Italic.exp0 --psm 6 lstm.train
Page 2
Tesseract Open Source OCR Engine v5.0.0-alpha-595-gccb9 with Leptonica
Page 1
Page 2
Page 2
Loaded 52/52 lines (1-52) of document /tmp/eng-2020-05-25.fhP/eng.Times_New_Roman_Italic.exp0.lstmf
Loaded 51/51 lines (1-51) of document /tmp/eng-2020-05-25.fhP/eng.Trebuchet_MS_Bold_Italic.exp0.lstmf
Page 3
Page 2
Page 3
Page 3
Loaded 49/49 lines (1-49) of document /tmp/eng-2020-05-25.fhP/eng.Verdana_Bold_Italic.exp0.lstmf
Loaded 49/49 lines (1-49) of document /tmp/eng-2020-05-25.fhP/eng.Verdana.exp0.lstmf
Page 3
Loaded 102/102 lines (1-102) of document /tmp/eng-2020-05-25.fhP/eng.Trebuchet_MS.exp0.lstmf
Loaded 49/49 lines (1-49) of document /tmp/eng-2020-05-25.fhP/eng.Verdana_Bold.exp0.lstmf
Loaded 51/51 lines (1-51) of document /tmp/eng-2020-05-25.fhP/eng.Trebuchet_MS_Italic.exp0.lstmf
Loaded 102/102 lines (1-102) of document /tmp/eng-2020-05-25.fhP/eng.Trebuchet_MS_Bold.exp0.lstmf
Page 2
Loaded 104/104 lines (1-104) of document /tmp/eng-2020-05-25.fhP/eng.Times_New_Roman_Italic.exp0.lstmf
Page 3
Loaded 102/102 lines (1-102) of document /tmp/eng-2020-05-25.fhP/eng.Trebuchet_MS_Bold_Italic.exp0.lstmf
Page 4
Page 3
Page 4
Page 3
Page 3
Loaded 153/153 lines (1-153) of document /tmp/eng-2020-05-25.fhP/eng.Trebuchet_MS.exp0.lstmf
Page 4
Page 4
Loaded 156/156 lines (1-156) of document /tmp/eng-2020-05-25.fhP/eng.Times_New_Roman_Italic.exp0.lstmf
Loaded 49/49 lines (1-49) of document /tmp/eng-2020-05-25.fhP/eng.Verdana_Italic.exp0.lstmf
Loaded 98/98 lines (1-98) of document /tmp/eng-2020-05-25.fhP/eng.Verdana.exp0.lstmf
Loaded 102/102 lines (1-102) of document /tmp/eng-2020-05-25.fhP/eng.Trebuchet_MS_Italic.exp0.lstmf
Loaded 153/153 lines (1-153) of document /tmp/eng-2020-05-25.fhP/eng.Trebuchet_MS_Bold.exp0.lstmf
Loaded 153/153 lines (1-153) of document /tmp/eng-2020-05-25.fhP/eng.Trebuchet_MS_Bold_Italic.exp0.lstmf
Page 4
Loaded 98/98 lines (1-98) of document /tmp/eng-2020-05-25.fhP/eng.Verdana_Bold_Italic.exp0.lstmf
Loaded 98/98 lines (1-98) of document /tmp/eng-2020-05-25.fhP/eng.Verdana_Bold.exp0.lstmf
Page 4
Page 3
Loaded 147/147 lines (1-147) of document /tmp/eng-2020-05-25.fhP/eng.Verdana.exp0.lstmf
Page 4
Loaded 153/153 lines (1-153) of document /tmp/eng-2020-05-25.fhP/eng.Trebuchet_MS_Italic.exp0.lstmf
Page 4
Loaded 147/147 lines (1-147) of document /tmp/eng-2020-05-25.fhP/eng.Verdana_Bold_Italic.exp0.lstmf
Loaded 98/98 lines (1-98) of document /tmp/eng-2020-05-25.fhP/eng.Verdana_Italic.exp0.lstmf
Loaded 147/147 lines (1-147) of document /tmp/eng-2020-05-25.fhP/eng.Verdana_Bold.exp0.lstmf
Page 4
Loaded 147/147 lines (1-147) of document /tmp/eng-2020-05-25.fhP/eng.Verdana_Italic.exp0.lstmf

=== Constructing LSTM training data ===
[Mon May 25 09:10:16 UTC 2020] /usr/local/bin/combine_lang_model --input_unicharset /tmp/eng-2020-05-25.fhP/eng.unicharset --script_dir ../langdata --words ../langdata/eng/eng.wordlist --numbers ../langdata/eng/eng.numbers --puncs ../langdata/eng/eng.punc --output_dir ../tesstutorial/trainplusminustheta --lang eng
Loaded unicharset of size 114 from file /tmp/eng-2020-05-25.fhP/eng.unicharset
Setting unichar properties
Other case É of é is not in unicharset
Setting script properties
Warning: properties incomplete for index 102 = ~
Config file is optional, continuing...
Failed to read data from: ../langdata/eng/eng.config
Null char=2
Reducing Trie to SquishedDawg
Reducing Trie to SquishedDawg
Reducing Trie to SquishedDawg

=== Moving lstmf files for training data ===
Moving /tmp/eng-2020-05-25.fhP/eng.Arial_Bold.exp0.lstmf to ../tesstutorial/trainplusminustheta
Moving /tmp/eng-2020-05-25.fhP/eng.Arial_Bold_Italic.exp0.lstmf to ../tesstutorial/trainplusminustheta
Moving /tmp/eng-2020-05-25.fhP/eng.Arial.exp0.lstmf to ../tesstutorial/trainplusminustheta
Moving /tmp/eng-2020-05-25.fhP/eng.Arial_Italic.exp0.lstmf to ../tesstutorial/trainplusminustheta
Moving /tmp/eng-2020-05-25.fhP/eng.Courier_New_Bold.exp0.lstmf to ../tesstutorial/trainplusminustheta
Moving /tmp/eng-2020-05-25.fhP/eng.Courier_New_Bold_Italic.exp0.lstmf to ../tesstutorial/trainplusminustheta
Moving /tmp/eng-2020-05-25.fhP/eng.Courier_New.exp0.lstmf to ../tesstutorial/trainplusminustheta
Moving /tmp/eng-2020-05-25.fhP/eng.Courier_New_Italic.exp0.lstmf to ../tesstutorial/trainplusminustheta
Moving /tmp/eng-2020-05-25.fhP/eng.DejaVu_Sans_Ultra-Light.exp0.lstmf to ../tesstutorial/trainplusminustheta
Moving /tmp/eng-2020-05-25.fhP/eng.Georgia_Bold.exp0.lstmf to ../tesstutorial/trainplusminustheta
Moving /tmp/eng-2020-05-25.fhP/eng.Georgia_Bold_Italic.exp0.lstmf to ../tesstutorial/trainplusminustheta
Moving /tmp/eng-2020-05-25.fhP/eng.Georgia.exp0.lstmf to ../tesstutorial/trainplusminustheta
Moving /tmp/eng-2020-05-25.fhP/eng.Georgia_Italic.exp0.lstmf to ../tesstutorial/trainplusminustheta
Moving /tmp/eng-2020-05-25.fhP/eng.Times_New_Roman_Bold.exp0.lstmf to ../tesstutorial/trainplusminustheta
Moving /tmp/eng-2020-05-25.fhP/eng.Times_New_Roman_Bold_Italic.exp0.lstmf to ../tesstutorial/trainplusminustheta
Moving /tmp/eng-2020-05-25.fhP/eng.Times_New_Roman.exp0.lstmf to ../tesstutorial/trainplusminustheta
Moving /tmp/eng-2020-05-25.fhP/eng.Times_New_Roman_Italic.exp0.lstmf to ../tesstutorial/trainplusminustheta
Moving /tmp/eng-2020-05-25.fhP/eng.Trebuchet_MS_Bold.exp0.lstmf to ../tesstutorial/trainplusminustheta
Moving /tmp/eng-2020-05-25.fhP/eng.Trebuchet_MS_Bold_Italic.exp0.lstmf to ../tesstutorial/trainplusminustheta
Moving /tmp/eng-2020-05-25.fhP/eng.Trebuchet_MS.exp0.lstmf to ../tesstutorial/trainplusminustheta
Moving /tmp/eng-2020-05-25.fhP/eng.Trebuchet_MS_Italic.exp0.lstmf to ../tesstutorial/trainplusminustheta
Moving /tmp/eng-2020-05-25.fhP/eng.Verdana_Bold.exp0.lstmf to ../tesstutorial/trainplusminustheta
Moving /tmp/eng-2020-05-25.fhP/eng.Verdana_Bold_Italic.exp0.lstmf to ../tesstutorial/trainplusminustheta
Moving /tmp/eng-2020-05-25.fhP/eng.Verdana.exp0.lstmf to ../tesstutorial/trainplusminustheta
Moving /tmp/eng-2020-05-25.fhP/eng.Verdana_Italic.exp0.lstmf to ../tesstutorial/trainplusminustheta

Created starter traineddata for LSTM training of language 'eng'


Run 'lstmtraining' command to continue LSTM training for language 'eng'


***** Making evaluation data for evalplusminustheta set for plusminus training using Impact font.
Creating new directory ../tesstutorial/evalplusminustheta

=== Starting training for language 'eng'
[Mon May 25 09:10:27 UTC 2020] /usr/local/bin/text2image --fonts_dir=/usr/share/fonts --ptsize 12 --font=Impact Condensed --outputbase=/tmp/font_tmp.XLXMNpo6ha/sample_text.txt --text=/tmp/font_tmp.XLXMNpo6ha/sample_text.txt --fontconfig_tmpdir=/tmp/font_tmp.XLXMNpo6ha
Rendered page 0 to file /tmp/font_tmp.XLXMNpo6ha/sample_text.txt.tif

=== Phase I: Generating training images ===
Rendering using Impact Condensed
[Mon May 25 09:10:31 UTC 2020] /usr/local/bin/text2image --fontconfig_tmpdir=/tmp/font_tmp.XLXMNpo6ha --fonts_dir=/usr/share/fonts --strip_unrenderable_words --leading=32 --xsize=3600 --char_spacing=0.0 --exposure=0 --outputbase=/tmp/eng-2020-05-25.NR6/eng.Impact_Condensed.exp0 --max_pages=0 --font=Impact Condensed --ptsize 12 --text=../langdata/eng/eng.plusminustheta.training_text
Rendered page 0 to file /tmp/eng-2020-05-25.NR6/eng.Impact_Condensed.exp0.tif
Rendered page 1 to file /tmp/eng-2020-05-25.NR6/eng.Impact_Condensed.exp0.tif
Rendered page 2 to file /tmp/eng-2020-05-25.NR6/eng.Impact_Condensed.exp0.tif
Rendered page 3 to file /tmp/eng-2020-05-25.NR6/eng.Impact_Condensed.exp0.tif

=== Phase UP: Generating unicharset and unichar properties files ===
[Mon May 25 09:10:34 UTC 2020] /usr/local/bin/unicharset_extractor --output_unicharset /tmp/eng-2020-05-25.NR6/eng.unicharset --norm_mode 1 /tmp/eng-2020-05-25.NR6/eng.Impact_Condensed.exp0.box
Extracting unicharset from box file /tmp/eng-2020-05-25.NR6/eng.Impact_Condensed.exp0.box
Other case É of é is not in unicharset
Wrote unicharset file /tmp/eng-2020-05-25.NR6/eng.unicharset
[Mon May 25 09:10:35 UTC 2020] /usr/local/bin/set_unicharset_properties -U /tmp/eng-2020-05-25.NR6/eng.unicharset -O /tmp/eng-2020-05-25.NR6/eng.unicharset -X /tmp/eng-2020-05-25.NR6/eng.xheights --script_dir=../langdata
Loaded unicharset of size 114 from file /tmp/eng-2020-05-25.NR6/eng.unicharset
Setting unichar properties
Other case É of é is not in unicharset
Setting script properties
Warning: properties incomplete for index 102 = ~
Writing unicharset to file /tmp/eng-2020-05-25.NR6/eng.unicharset

=== Phase E: Generating lstmf files ===
Using TESSDATA_PREFIX=./tessdata
[Mon May 25 09:10:35 UTC 2020] /usr/local/bin/tesseract /tmp/eng-2020-05-25.NR6/eng.Impact_Condensed.exp0.tif /tmp/eng-2020-05-25.NR6/eng.Impact_Condensed.exp0 --psm 6 lstm.train
Tesseract Open Source OCR Engine v5.0.0-alpha-595-gccb9 with Leptonica
Page 1
Page 2
Loaded 49/49 lines (1-49) of document /tmp/eng-2020-05-25.NR6/eng.Impact_Condensed.exp0.lstmf
Page 3
Loaded 98/98 lines (1-98) of document /tmp/eng-2020-05-25.NR6/eng.Impact_Condensed.exp0.lstmf
Page 4
Loaded 147/147 lines (1-147) of document /tmp/eng-2020-05-25.NR6/eng.Impact_Condensed.exp0.lstmf

=== Constructing LSTM training data ===
[Mon May 25 09:10:37 UTC 2020] /usr/local/bin/combine_lang_model --input_unicharset /tmp/eng-2020-05-25.NR6/eng.unicharset --script_dir ../langdata --words ../langdata/eng/eng.wordlist --numbers ../langdata/eng/eng.numbers --puncs ../langdata/eng/eng.punc --output_dir ../tesstutorial/evalplusminustheta --lang eng
Loaded unicharset of size 114 from file /tmp/eng-2020-05-25.NR6/eng.unicharset
Setting unichar properties
Other case É of é is not in unicharset
Setting script properties
Warning: properties incomplete for index 102 = ~
Config file is optional, continuing...
Failed to read data from: ../langdata/eng/eng.config
Null char=2
Reducing Trie to SquishedDawg
Reducing Trie to SquishedDawg
Reducing Trie to SquishedDawg

=== Moving lstmf files for training data ===
Moving /tmp/eng-2020-05-25.NR6/eng.Impact_Condensed.exp0.lstmf to ../tesstutorial/evalplusminustheta

Created starter traineddata for LSTM training of language 'eng'


Run 'lstmtraining' command to continue LSTM training for language 'eng'


***** Extract LSTM model from best traineddata. 

Version string:4.00.00alpha:eng:synth20170629:[1,36,0,1Ct3,3,16Mp3,3Lfys64Lfx96Lrx96Lfx512O1c1]
17:lstm:size=11689099, offset=192
18:lstm-punc-dawg:size=4322, offset=11689291
19:lstm-word-dawg:size=3694794, offset=11693613
20:lstm-number-dawg:size=4738, offset=15388407
21:lstm-unicharset:size=6360, offset=15393145
22:lstm-recoder:size=1012, offset=15399505
23:version:size=80, offset=15400517
Extracting tessdata components from tessdata/best/eng.traineddata
Wrote ../tesstutorial/trainplusminustheta/eng.lstm
