
***** Extract LSTM model from best traineddata for chi_sim. 
Version string:4.00.00alpha:chi_sim:synth20170629:[1,48,0,1Ct3,3,16Mp3,3Lfys64Lfx96Lrx96Lfx512O1c1]
0:config:size=1966, offset=192
17:lstm:size=12152851, offset=2158
18:lstm-punc-dawg:size=282, offset=12155009
19:lstm-word-dawg:size=590634, offset=12155291
20:lstm-number-dawg:size=82, offset=12745925
21:lstm-unicharset:size=258834, offset=12746007
22:lstm-recoder:size=72494, offset=13004841
23:version:size=84, offset=13077335
Extracting tessdata components from tessdata/best/chi_sim.traineddata
Wrote ../tesstutorial/eng_from_chi/eng.lstm

***** Run lstmtraining for 3000 iterations for eng using engtrain training set. 
Loaded file ../tesstutorial/eng_from_chi/eng.lstm, unpacking...
Warning: LSTMTrainer deserialized an LSTMRecognizer!
Continuing from ../tesstutorial/eng_from_chi/eng.lstm
Appending a new network to an old one!!Warning: given outputs 111 not equal to unicharset of 110.
Num outputs,weights in Series:
  Lfx256:256, 361472
  Fc110:110, 28270
Total weights = 389742
Built network:[1,48,0,1[C3,3Ft16]Mp3,3Lfys64Lfx96Lrx96Lfx256Fc110] from request [Lfx256 O1c111]
Training parameters:
  Debug interval = 0, weights = 0.1, learning rate = 0.001, momentum=0.5
null char=109
Loaded 72/72 pages (1-72) of document ../tesstutorial/engtrain/eng.Arial_Bold.exp0.lstmf
Loaded 72/72 pages (1-72) of document ../tesstutorial/engtrain/eng.Arial_Bold_Italic.exp0.lstmf
Loaded 72/72 pages (1-72) of document ../tesstutorial/engtrain/eng.Arial.exp0.lstmf
Loaded 72/72 pages (1-72) of document ../tesstutorial/engtrain/eng.Century_Schoolbook_L_Bold_Italic.exp0.lstmf
Loaded 72/72 pages (1-72) of document ../tesstutorial/engtrain/eng.Courier_New_Bold.exp0.lstmf
Loaded 72/72 pages (1-72) of document ../tesstutorial/engtrain/eng.Century_Schoolbook_L_Bold.exp0.lstmf
Loaded 72/72 pages (1-72) of document ../tesstutorial/engtrain/eng.Century_Schoolbook_L_Medium.exp0.lstmf
Loaded 72/72 pages (1-72) of document ../tesstutorial/engtrain/eng.Arial_Italic.exp0.lstmf
Loaded 72/72 pages (1-72) of document ../tesstutorial/engtrain/eng.Century_Schoolbook_L_Italic.exp0.lstmf
Loaded 72/72 pages (1-72) of document ../tesstutorial/engeval/eng.Impact_Condensed.exp0.lstmf
Loaded 72/72 pages (1-72) of document ../tesstutorial/engtrain/eng.Courier_New_Bold_Italic.exp0.lstmf
Loaded 72/72 pages (1-72) of document ../tesstutorial/engtrain/eng.Courier_New.exp0.lstmf
Loaded 72/72 pages (1-72) of document ../tesstutorial/engtrain/eng.Courier_New_Italic.exp0.lstmf
Loaded 72/72 pages (1-72) of document ../tesstutorial/engtrain/eng.DejaVu_Sans_Ultra-Light.exp0.lstmf
Loaded 72/72 pages (1-72) of document ../tesstutorial/engtrain/eng.Georgia_Bold.exp0.lstmf
Loaded 72/72 pages (1-72) of document ../tesstutorial/engtrain/eng.Georgia_Bold_Italic.exp0.lstmf
Loaded 72/72 pages (1-72) of document ../tesstutorial/engtrain/eng.Georgia.exp0.lstmf
Loaded 72/72 pages (1-72) of document ../tesstutorial/engtrain/eng.Georgia_Italic.exp0.lstmf
Loaded 72/72 pages (1-72) of document ../tesstutorial/engtrain/eng.Times_New_Roman_Bold.exp0.lstmf
Loaded 72/72 pages (1-72) of document ../tesstutorial/engtrain/eng.Times_New_Roman_Bold_Italic.exp0.lstmf
Loaded 72/72 pages (1-72) of document ../tesstutorial/engtrain/eng.Times_New_Roman.exp0.lstmf
Loaded 72/72 pages (1-72) of document ../tesstutorial/engtrain/eng.Times_New_Roman_Italic.exp0.lstmf
Loaded 72/72 pages (1-72) of document ../tesstutorial/engtrain/eng.Trebuchet_MS_Bold.exp0.lstmf
Loaded 72/72 pages (1-72) of document ../tesstutorial/engtrain/eng.Trebuchet_MS_Bold_Italic.exp0.lstmf
Loaded 72/72 pages (1-72) of document ../tesstutorial/engtrain/eng.Trebuchet_MS.exp0.lstmf
Loaded 72/72 pages (1-72) of document ../tesstutorial/engtrain/eng.Trebuchet_MS_Italic.exp0.lstmf
Loaded 72/72 pages (1-72) of document ../tesstutorial/engtrain/eng.URW_Bookman_L_Bold.exp0.lstmf
Loaded 72/72 pages (1-72) of document ../tesstutorial/engtrain/eng.URW_Bookman_L_Bold_Italic.exp0.lstmf
Loaded 72/72 pages (1-72) of document ../tesstutorial/engtrain/eng.URW_Bookman_L_Italic.exp0.lstmf
Loaded 72/72 pages (1-72) of document ../tesstutorial/engtrain/eng.Verdana_Bold.exp0.lstmf
Loaded 72/72 pages (1-72) of document ../tesstutorial/engtrain/eng.Verdana_Bold_Italic.exp0.lstmf
Loaded 72/72 pages (1-72) of document ../tesstutorial/engtrain/eng.Verdana.exp0.lstmf
Loaded 72/72 pages (1-72) of document ../tesstutorial/engtrain/eng.Verdana_Italic.exp0.lstmf
At iteration 100/100/100, Mean rms=5.954%, delta=56.256%, char train=106.574%, word train=100%, skip ratio=0%,  New worst char error = 106.574 wrote checkpoint.
At iteration 200/200/200, Mean rms=5.839%, delta=54.524%, char train=100.379%, word train=100%, skip ratio=0%,  New worst char error = 100.379 wrote checkpoint.
2 Percent improvement time=300, best error was 100 @ 0
At iteration 300/300/300, Mean rms=5.365%, delta=44.924%, char train=91.717%, word train=99.578%, skip ratio=0%,  New best char error = 91.717 wrote checkpoint.
2 Percent improvement time=100, best error was 91.717 @ 300
At iteration 400/400/400, Mean rms=4.829%, delta=37.128%, char train=80.122%, word train=96.576%, skip ratio=0%,  New best char error = 80.122 wrote checkpoint.
2 Percent improvement time=100, best error was 80.122 @ 400
At iteration 500/500/500, Mean rms=4.383%, delta=31.46%, char train=69.979%, word train=90.66%, skip ratio=0%,  New best char error = 69.979 wrote best model:../tesstutorial/eng_from_chi/base69.979_500.checkpoint wrote checkpoint.
2 Percent improvement time=100, best error was 69.979 @ 500
At iteration 600/600/600, Mean rms=4.034%, delta=27.324%, char train=62.069%, word train=84.603%, skip ratio=0%,  New best char error = 62.069 wrote best model:../tesstutorial/eng_from_chi/base62.069_600.checkpoint wrote checkpoint.
2 Percent improvement time=100, best error was 62.069 @ 600
At iteration 700/700/700, Mean rms=3.749%, delta=24.182%, char train=55.823%, word train=79.011%, skip ratio=0%,  New best char error = 55.823 wrote best model:../tesstutorial/eng_from_chi/base55.823_700.checkpoint wrote checkpoint.
2 Percent improvement time=100, best error was 55.823 @ 700
At iteration 800/800/800, Mean rms=3.523%, delta=21.774%, char train=51.002%, word train=74.209%, skip ratio=0%,  New best char error = 51.002 wrote best model:../tesstutorial/eng_from_chi/base51.002_800.checkpoint wrote checkpoint.
2 Percent improvement time=100, best error was 51.002 @ 800
At iteration 900/900/900, Mean rms=3.325%, delta=19.788%, char train=46.808%, word train=69.77%, skip ratio=0%,  New best char error = 46.808 wrote best model:../tesstutorial/eng_from_chi/base46.808_900.checkpoint wrote checkpoint.
2 Percent improvement time=100, best error was 46.808 @ 900
At iteration 1000/1000/1000, Mean rms=3.155%, delta=18.159%, char train=43.324%, word train=65.985%, skip ratio=0%,  New best char error = 43.324 wrote best model:../tesstutorial/eng_from_chi/base43.324_1000.checkpoint wrote checkpoint.
2 Percent improvement time=100, best error was 43.324 @ 1000
At iteration 1100/1100/1100, Mean rms=2.717%, delta=12.871%, char train=33.829%, word train=59.015%, skip ratio=0%,  New best char error = 33.829 wrote best model:../tesstutorial/eng_from_chi/base33.829_1100.checkpoint wrote checkpoint.
2 Percent improvement time=100, best error was 33.829 @ 1100
At iteration 1200/1200/1200, Mean rms=2.296%, delta=7.903%, char train=25.419%, word train=51.668%, skip ratio=0%,  New best char error = 25.419 wrote best model:../tesstutorial/eng_from_chi/base25.419_1200.checkpoint wrote checkpoint.
2 Percent improvement time=98, best error was 25.419 @ 1200
At iteration 1298/1300/1300, Mean rms=1.994%, delta=5.588%, char train=18.837%, word train=44.297%, skip ratio=0%,  New best char error = 18.837 wrote best model:../tesstutorial/eng_from_chi/base18.837_1298.checkpoint wrote checkpoint.
2 Percent improvement time=95, best error was 18.837 @ 1298
At iteration 1393/1400/1400, Mean rms=1.805%, delta=4.442%, char train=15.098%, word train=37.741%, skip ratio=0%,  New best char error = 15.098 wrote best model:../tesstutorial/eng_from_chi/base15.098_1393.checkpoint wrote checkpoint.
2 Percent improvement time=96, best error was 15.098 @ 1393
At iteration 1489/1500/1500, Mean rms=1.675%, delta=3.793%, char train=12.928%, word train=33.087%, skip ratio=0%,  New best char error = 12.928 wrote best model:../tesstutorial/eng_from_chi/base12.928_1489.checkpoint wrote checkpoint.
2 Percent improvement time=189, best error was 15.098 @ 1393
At iteration 1582/1600/1600, Mean rms=1.564%, delta=3.31%, char train=11.333%, word train=29.526%, skip ratio=0%,  New best char error = 11.333 wrote best model:../tesstutorial/eng_from_chi/base11.333_1582.checkpoint wrote checkpoint.
2 Percent improvement time=188, best error was 12.928 @ 1489
At iteration 1677/1700/1700, Mean rms=1.483%, delta=2.98%, char train=10.239%, word train=26.974%, skip ratio=0%,  New best char error = 10.239 wrote best model:../tesstutorial/eng_from_chi/base10.239_1677.checkpoint wrote checkpoint.
2 Percent improvement time=187, best error was 11.333 @ 1582
At iteration 1769/1800/1800, Mean rms=1.403%, delta=2.666%, char train=9.119%, word train=24.644%, skip ratio=0%,  New best char error = 9.119 Transitioned to stage 1 wrote best model:../tesstutorial/eng_from_chi/base9.119_1769.checkpoint wrote checkpoint.
2 Percent improvement time=278, best error was 11.333 @ 1582
At iteration 1860/1900/1900, Mean rms=1.342%, delta=2.448%, char train=8.387%, word train=22.904%, skip ratio=0%,  New best char error = 8.387 wrote best model:../tesstutorial/eng_from_chi/base8.387_1860.checkpoint wrote checkpoint.
2 Percent improvement time=281, best error was 10.239 @ 1677
At iteration 1958/2000/2000, Mean rms=1.286%, delta=2.252%, char train=7.735%, word train=21.272%, skip ratio=0%,  New best char error = 7.735 wrote best model:../tesstutorial/eng_from_chi/base7.735_1958.checkpoint wrote checkpoint.
2 Percent improvement time=376, best error was 10.239 @ 1677
At iteration 2053/2100/2100, Mean rms=1.241%, delta=2.079%, char train=7.134%, word train=19.822%, skip ratio=0%,  New best char error = 7.134 wrote best model:../tesstutorial/eng_from_chi/base7.134_2053.checkpoint wrote checkpoint.
2 Percent improvement time=370, best error was 9.119 @ 1769
At iteration 2139/2200/2200, Mean rms=1.187%, delta=1.902%, char train=6.6%, word train=18.549%, skip ratio=0%,  New best char error = 6.6 wrote best model:../tesstutorial/eng_from_chi/base6.6_2139.checkpoint wrote checkpoint.
2 Percent improvement time=368, best error was 8.387 @ 1860
At iteration 2228/2300/2300, Mean rms=1.152%, delta=1.796%, char train=6.257%, word train=17.402%, skip ratio=0%,  New best char error = 6.257 wrote best model:../tesstutorial/eng_from_chi/base6.257_2228.checkpoint wrote checkpoint.
2 Percent improvement time=451, best error was 8.387 @ 1860
At iteration 2311/2400/2400, Mean rms=1.112%, delta=1.685%, char train=5.872%, word train=16.442%, skip ratio=0%,  New best char error = 5.872 wrote best model:../tesstutorial/eng_from_chi/base5.872_2311.checkpoint wrote checkpoint.
2 Percent improvement time=439, best error was 7.735 @ 1958
At iteration 2397/2500/2500, Mean rms=1.081%, delta=1.588%, char train=5.577%, word train=15.88%, skip ratio=0%,  New best char error = 5.577 wrote best model:../tesstutorial/eng_from_chi/base5.577_2397.checkpoint wrote checkpoint.
2 Percent improvement time=521, best error was 7.735 @ 1958
At iteration 2479/2600/2600, Mean rms=1.05%, delta=1.511%, char train=5.261%, word train=15.063%, skip ratio=0%,  New best char error = 5.261 wrote best model:../tesstutorial/eng_from_chi/base5.261_2479.checkpoint wrote checkpoint.
2 Percent improvement time=513, best error was 7.134 @ 2053
At iteration 2566/2700/2700, Mean rms=1.027%, delta=1.451%, char train=4.974%, word train=14.449%, skip ratio=0%,  New best char error = 4.974 wrote best model:../tesstutorial/eng_from_chi/base4.974_2566.checkpoint wrote checkpoint.
2 Percent improvement time=596, best error was 7.134 @ 2053
At iteration 2649/2800/2800, Mean rms=0.992%, delta=1.361%, char train=4.669%, word train=13.658%, skip ratio=0%,  New best char error = 4.669 wrote best model:../tesstutorial/eng_from_chi/base4.669_2649.checkpoint wrote checkpoint.
2 Percent improvement time=584, best error was 6.6 @ 2139
At iteration 2723/2900/2900, Mean rms=0.966%, delta=1.301%, char train=4.442%, word train=13.046%, skip ratio=0%,  New best char error = 4.442 wrote best model:../tesstutorial/eng_from_chi/base4.442_2723.checkpoint wrote checkpoint.
2 Percent improvement time=668, best error was 6.6 @ 2139
At iteration 2807/3000/3000, Mean rms=0.949%, delta=1.265%, char train=4.28%, word train=12.667%, skip ratio=0%,  New best char error = 4.28 wrote best model:../tesstutorial/eng_from_chi/base4.28_2807.checkpoint wrote checkpoint.
Finished! Error rate = 4.28

***** Your error rates above for eng_from_chi lstmtraining should be similar to the following.
Ray's Result at Google:  6.00% character/22.42% word. 
Shree's Test on ppc64le: char train=4.28%, word train=12.667% 

***** Run lstmeval on the full training set engtrain after eng_from_chi lstmtraining. 
../tesstutorial/eng_from_chi/base_checkpoint is not a recognition model, trying training checkpoint...
Loaded 72/72 pages (1-72) of document ../tesstutorial/engtrain/eng.Arial_Bold.exp0.lstmf
Loaded 72/72 pages (1-72) of document ../tesstutorial/engtrain/eng.Arial_Bold_Italic.exp0.lstmf
Loaded 72/72 pages (1-72) of document ../tesstutorial/engtrain/eng.Arial.exp0.lstmf
Loaded 72/72 pages (1-72) of document ../tesstutorial/engtrain/eng.Arial_Italic.exp0.lstmf
Loaded 72/72 pages (1-72) of document ../tesstutorial/engtrain/eng.Century_Schoolbook_L_Bold.exp0.lstmf
Loaded 72/72 pages (1-72) of document ../tesstutorial/engtrain/eng.Century_Schoolbook_L_Bold_Italic.exp0.lstmf
Loaded 72/72 pages (1-72) of document ../tesstutorial/engtrain/eng.Century_Schoolbook_L_Italic.exp0.lstmf
Loaded 72/72 pages (1-72) of document ../tesstutorial/engtrain/eng.Century_Schoolbook_L_Medium.exp0.lstmf
Loaded 72/72 pages (1-72) of document ../tesstutorial/engtrain/eng.Courier_New_Bold.exp0.lstmf
Loaded 72/72 pages (1-72) of document ../tesstutorial/engtrain/eng.Courier_New_Bold_Italic.exp0.lstmf
Loaded 72/72 pages (1-72) of document ../tesstutorial/engtrain/eng.Courier_New.exp0.lstmf
Loaded 72/72 pages (1-72) of document ../tesstutorial/engtrain/eng.Courier_New_Italic.exp0.lstmf
Loaded 72/72 pages (1-72) of document ../tesstutorial/engtrain/eng.DejaVu_Sans_Ultra-Light.exp0.lstmf
Loaded 72/72 pages (1-72) of document ../tesstutorial/engtrain/eng.Georgia_Bold.exp0.lstmf
Loaded 72/72 pages (1-72) of document ../tesstutorial/engtrain/eng.Georgia_Bold_Italic.exp0.lstmf
Loaded 72/72 pages (1-72) of document ../tesstutorial/engtrain/eng.Georgia.exp0.lstmf
Loaded 72/72 pages (1-72) of document ../tesstutorial/engtrain/eng.Georgia_Italic.exp0.lstmf
Loaded 72/72 pages (1-72) of document ../tesstutorial/engtrain/eng.Times_New_Roman_Bold.exp0.lstmf
Loaded 72/72 pages (1-72) of document ../tesstutorial/engtrain/eng.Times_New_Roman_Bold_Italic.exp0.lstmf
Loaded 72/72 pages (1-72) of document ../tesstutorial/engtrain/eng.Times_New_Roman.exp0.lstmf
Loaded 72/72 pages (1-72) of document ../tesstutorial/engtrain/eng.Times_New_Roman_Italic.exp0.lstmf
Loaded 72/72 pages (1-72) of document ../tesstutorial/engtrain/eng.Trebuchet_MS_Bold.exp0.lstmf
Loaded 72/72 pages (1-72) of document ../tesstutorial/engtrain/eng.Trebuchet_MS_Bold_Italic.exp0.lstmf
Loaded 72/72 pages (1-72) of document ../tesstutorial/engtrain/eng.Trebuchet_MS.exp0.lstmf
Loaded 72/72 pages (1-72) of document ../tesstutorial/engtrain/eng.Trebuchet_MS_Italic.exp0.lstmf
Loaded 72/72 pages (1-72) of document ../tesstutorial/engtrain/eng.URW_Bookman_L_Bold.exp0.lstmf
Loaded 72/72 pages (1-72) of document ../tesstutorial/engtrain/eng.URW_Bookman_L_Bold_Italic.exp0.lstmf
Loaded 72/72 pages (1-72) of document ../tesstutorial/engtrain/eng.URW_Bookman_L_Italic.exp0.lstmf
Loaded 72/72 pages (1-72) of document ../tesstutorial/engtrain/eng.Verdana_Bold.exp0.lstmf
Loaded 72/72 pages (1-72) of document ../tesstutorial/engtrain/eng.Verdana_Bold_Italic.exp0.lstmf
Loaded 72/72 pages (1-72) of document ../tesstutorial/engtrain/eng.Verdana.exp0.lstmf
Loaded 72/72 pages (1-72) of document ../tesstutorial/engtrain/eng.Verdana_Italic.exp0.lstmf
At iteration 0, stage 0, Eval Char error rate=3.2640259, Word error rate=10.341771

***** Your error rates above for eval of engtrain should be similar to the following.
Ray's Result at Google: 5.557%/20.43% 
Shree's Test on ppc64le: Eval Char error rate=3.2640259, Word error rate=10.341771  

***** Run lstmeval for independent test on the Impact font using engeval set after eng_from_chi lstmtraining. 
../tesstutorial/eng_from_chi/base_checkpoint is not a recognition model, trying training checkpoint...
Loaded 72/72 pages (1-72) of document ../tesstutorial/engeval/eng.Impact_Condensed.exp0.lstmf
At iteration 0, stage 0, Eval Char error rate=32.113866, Word error rate=66.114791

***** Your error rates above for eval of engeval should be similar to the following.
Ray's Result at Google: 36.67%/83.23% 
Shree's Test on ppc64le:  Eval Char error rate=32.113866, Word error rate=66.114791